TN:
SF:src\app.controller.ts
FN:6,(anonymous_2)
FN:9,(anonymous_3)
FN:14,(anonymous_4)
FNF:3
FNH:2
FNDA:1,(anonymous_2)
FNDA:1,(anonymous_3)
FNDA:0,(anonymous_4)
DA:1,1
DA:2,1
DA:5,1
DA:6,1
DA:9,1
DA:10,1
DA:14,1
DA:15,0
LF:8
LH:7
BRF:0
BRH:0
end_of_record
TN:
SF:src\app.module.ts
FN:67,(anonymous_2)
FN:90,(anonymous_3)
FN:96,(anonymous_4)
FNF:3
FNH:0
FNDA:0,(anonymous_2)
FNDA:0,(anonymous_3)
FNDA:0,(anonymous_4)
DA:1,0
DA:2,0
DA:3,0
DA:4,0
DA:5,0
DA:6,0
DA:7,0
DA:9,0
DA:10,0
DA:11,0
DA:12,0
DA:13,0
DA:16,0
DA:17,0
DA:18,0
DA:19,0
DA:20,0
DA:21,0
DA:22,0
DA:23,0
DA:24,0
DA:25,0
DA:26,0
DA:27,0
DA:28,0
DA:29,0
DA:30,0
DA:31,0
DA:32,0
DA:33,0
DA:34,0
DA:35,0
DA:36,0
DA:37,0
DA:38,0
DA:39,0
DA:40,0
DA:41,0
DA:42,0
DA:43,0
DA:44,0
DA:45,0
DA:46,0
DA:47,0
DA:48,0
DA:49,0
DA:50,0
DA:67,0
DA:90,0
DA:96,0
DA:150,0
LF:51
LH:0
BRDA:78,0,0,0
BRDA:78,0,1,0
BRDA:98,1,0,0
BRDA:98,1,1,0
BRDA:99,2,0,0
BRDA:99,2,1,0
BRF:6
BRH:0
end_of_record
TN:
SF:src\app.service.ts
FN:6,(anonymous_4)
FN:8,(anonymous_5)
FN:15,(anonymous_6)
FNF:3
FNH:2
FNDA:1,(anonymous_4)
FNDA:1,(anonymous_5)
FNDA:0,(anonymous_6)
DA:1,1
DA:2,1
DA:5,1
DA:6,1
DA:9,1
DA:16,0
LF:6
LH:5
BRF:0
BRH:0
end_of_record
TN:
SF:src\main.ts
FN:13,bootstrap
FN:82,(anonymous_11)
FNF:2
FNH:0
FNDA:0,bootstrap
FNDA:0,(anonymous_11)
DA:1,0
DA:2,0
DA:4,0
DA:5,0
DA:6,0
DA:7,0
DA:8,0
DA:9,0
DA:10,0
DA:15,0
DA:20,0
DA:25,0
DA:26,0
DA:28,0
DA:31,0
DA:32,0
DA:34,0
DA:37,0
DA:45,0
DA:55,0
DA:67,0
DA:70,0
DA:72,0
DA:74,0
DA:76,0
DA:82,0
DA:83,0
DA:84,0
LF:28
LH:0
BRDA:16,0,0,0
BRDA:16,0,1,0
BRDA:18,1,0,0
BRDA:18,1,1,0
BRDA:31,2,0,0
BRDA:31,2,1,0
BRDA:32,3,0,0
BRDA:32,3,1,0
BRDA:34,4,0,0
BRDA:34,4,1,0
BRF:10
BRH:0
end_of_record
TN:
SF:src\types.d.ts
FNF:0
FNH:0
LF:0
LH:0
BRF:0
BRH:0
end_of_record
TN:
SF:src\File Storage and CDN Service Setup\microservices\storage-service\.eslintrc.js
FNF:0
FNH:0
DA:1,0
LF:1
LH:0
BRF:0
BRH:0
end_of_record
TN:
SF:src\File Storage and CDN Service Setup\microservices\storage-service\jest.config.js
FNF:0
FNH:0
DA:1,0
LF:1
LH:0
BRF:0
BRH:0
end_of_record
TN:
SF:src\File Storage and CDN Service Setup\microservices\storage-service\src\app.module.ts
FN:16,(anonymous_2)
FNF:1
FNH:0
FNDA:0,(anonymous_2)
DA:1,0
DA:2,0
DA:3,0
DA:4,0
DA:5,0
DA:6,0
DA:16,0
DA:25,0
LF:8
LH:0
BRF:0
BRH:0
end_of_record
TN:
SF:src\File Storage and CDN Service Setup\microservices\storage-service\src\main.ts
FN:5,bootstrap
FNF:1
FNH:0
FNDA:0,bootstrap
DA:1,0
DA:2,0
DA:3,0
DA:6,0
DA:9,0
DA:18,0
DA:24,0
DA:25,0
DA:27,0
DA:36,0
LF:10
LH:0
BRDA:19,0,0,0
BRDA:19,0,1,0
BRDA:24,1,0,0
BRDA:24,1,1,0
BRDA:31,2,0,0
BRDA:31,2,1,0
BRF:6
BRH:0
end_of_record
TN:
SF:src\File Storage and CDN Service Setup\microservices\storage-service\src\storage.module.ts
FNF:0
FNH:0
DA:1,0
DA:2,0
DA:3,0
DA:4,0
DA:5,0
DA:6,0
DA:7,0
DA:13,0
DA:29,0
LF:9
LH:0
BRF:0
BRH:0
end_of_record
TN:
SF:src\File Storage and CDN Service Setup\microservices\storage-service\src\config\database.config.ts
FN:3,(anonymous_0)
FNF:1
FNH:0
FNDA:0,(anonymous_0)
DA:1,0
DA:3,0
LF:2
LH:0
BRDA:5,0,0,0
BRDA:5,0,1,0
BRDA:6,1,0,0
BRDA:6,1,1,0
BRDA:7,2,0,0
BRDA:7,2,1,0
BRDA:8,3,0,0
BRDA:8,3,1,0
BRDA:9,4,0,0
BRDA:9,4,1,0
BRF:10
BRH:0
end_of_record
TN:
SF:src\File Storage and CDN Service Setup\microservices\storage-service\src\config\storage.config.ts
FN:3,(anonymous_0)
FNF:1
FNH:0
FNDA:0,(anonymous_0)
DA:1,0
DA:3,0
LF:2
LH:0
BRDA:5,0,0,0
BRDA:5,0,1,0
BRDA:11,1,0,0
BRDA:11,1,1,0
BRDA:15,2,0,0
BRDA:15,2,1,0
BRDA:18,3,0,0
BRDA:18,3,1,0
BRF:8
BRH:0
end_of_record
TN:
SF:src\File Storage and CDN Service Setup\microservices\storage-service\src\controllers\health.controller.ts
FN:6,(anonymous_2)
FNF:1
FNH:0
FNDA:0,(anonymous_2)
DA:1,0
DA:4,0
DA:6,0
DA:7,0
LF:4
LH:0
BRF:0
BRH:0
end_of_record
TN:
SF:src\File Storage and CDN Service Setup\microservices\storage-service\src\dto\get-signed-url.dto.ts
FN:9,(anonymous_2)
FNF:1
FNH:0
FNDA:0,(anonymous_2)
DA:1,0
DA:2,0
DA:4,0
DA:9,0
DA:10,0
LF:5
LH:0
BRF:0
BRH:0
end_of_record
TN:
SF:src\File Storage and CDN Service Setup\microservices\storage-service\src\dto\index.ts
FN:1,(anonymous_0)
FN:2,(anonymous_1)
FN:3,(anonymous_2)
FNF:3
FNH:0
FNDA:0,(anonymous_0)
FNDA:0,(anonymous_1)
FNDA:0,(anonymous_2)
DA:1,0
DA:2,0
DA:3,0
LF:3
LH:0
BRF:0
BRH:0
end_of_record
TN:
SF:src\File Storage and CDN Service Setup\microservices\storage-service\src\dto\list-files.dto.ts
FN:15,(anonymous_2)
FN:22,(anonymous_3)
FNF:2
FNH:0
FNDA:0,(anonymous_2)
FNDA:0,(anonymous_3)
DA:1,0
DA:2,0
DA:4,0
DA:6,0
DA:10,0
DA:15,0
DA:16,0
DA:22,0
DA:23,0
LF:9
LH:0
BRF:0
BRH:0
end_of_record
TN:
SF:src\File Storage and CDN Service Setup\microservices\storage-service\src\dto\upload-file.dto.ts
FNF:0
FNH:0
DA:1,0
DA:9,0
DA:11,0
DA:14,0
DA:18,0
DA:22,0
LF:6
LH:0
BRF:0
BRH:0
end_of_record
TN:
SF:src\File Storage and CDN Service Setup\microservices\storage-service\src\entities\file.entity.ts
FNF:0
FNH:0
DA:1,0
DA:13,0
DA:15,0
DA:18,0
DA:21,0
DA:24,0
DA:27,0
DA:30,0
DA:33,0
DA:36,0
DA:39,0
DA:43,0
DA:46,0
DA:49,0
DA:52,0
DA:55,0
DA:58,0
DA:61,0
DA:64,0
LF:19
LH:0
BRF:0
BRH:0
end_of_record
TN:
SF:src\File Storage and CDN Service Setup\microservices\storage-service\src\entities\index.ts
FN:1,(anonymous_0)
FN:2,(anonymous_1)
FN:3,(anonymous_2)
FNF:3
FNH:0
FNDA:0,(anonymous_0)
FNDA:0,(anonymous_1)
FNDA:0,(anonymous_2)
DA:1,0
DA:2,0
DA:3,0
LF:3
LH:0
BRF:0
BRH:0
end_of_record
TN:
SF:src\File Storage and CDN Service Setup\microservices\storage-service\src\entities\metadata.entity.ts
FNF:0
FNH:0
DA:1,0
DA:13,0
DA:15,0
DA:18,0
DA:21,0
DA:24,0
DA:27,0
DA:30,0
LF:8
LH:0
BRF:0
BRH:0
end_of_record
TN:
SF:src\File Storage and CDN Service Setup\microservices\storage-service\src\entities\upload.entity.ts
FNF:0
FNH:0
DA:1,0
DA:13,0
DA:15,0
DA:18,0
DA:21,0
DA:28,0
DA:31,0
DA:34,0
DA:37,0
DA:40,0
LF:10
LH:0
BRF:0
BRH:0
end_of_record
TN:
SF:src\File Storage and CDN Service Setup\microservices\storage-service\src\services\image-optimization.service.ts
FN:13,(anonymous_5)
FN:18,(anonymous_6)
FN:51,(anonymous_7)
FNF:3
FNH:0
FNDA:0,(anonymous_5)
FNDA:0,(anonymous_6)
FNDA:0,(anonymous_7)
DA:1,0
DA:3,0
DA:4,0
DA:12,0
DA:15,0
DA:19,0
DA:20,0
DA:22,0
DA:24,0
DA:27,0
DA:28,0
DA:35,0
DA:39,0
DA:52,0
LF:14
LH:0
BRDA:27,0,0,0
BRDA:27,1,0,0
BRDA:27,1,1,0
BRF:3
BRH:0
end_of_record
TN:
SF:src\File Storage and CDN Service Setup\microservices\storage-service\src\services\index.ts
FN:1,(anonymous_0)
FN:2,(anonymous_1)
FN:3,(anonymous_2)
FN:4,(anonymous_3)
FNF:4
FNH:0
FNDA:0,(anonymous_0)
FNDA:0,(anonymous_1)
FNDA:0,(anonymous_2)
FNDA:0,(anonymous_3)
DA:1,0
DA:2,0
DA:3,0
DA:4,0
LF:4
LH:0
BRF:0
BRH:0
end_of_record
TN:
SF:src\File Storage and CDN Service Setup\microservices\storage-service\src\services\s3.service.ts
FN:17,(anonymous_5)
FN:34,(anonymous_6)
FN:51,(anonymous_7)
FN:60,(anonymous_8)
FN:69,(anonymous_9)
FNF:5
FNH:0
FNDA:0,(anonymous_5)
FNDA:0,(anonymous_6)
FNDA:0,(anonymous_7)
FNDA:0,(anonymous_8)
FNDA:0,(anonymous_9)
DA:1,0
DA:3,0
DA:9,0
DA:10,0
DA:13,0
DA:19,0
DA:21,0
DA:31,0
DA:40,0
DA:52,0
DA:57,0
DA:61,0
DA:70,0
LF:13
LH:0
BRDA:28,0,0,0
BRDA:28,0,1,0
BRF:2
BRH:0
end_of_record
TN:
SF:src\Scheduler and Cron Service Setup\microservices\scheduler-service\src\app.controller.ts
FN:6,(anonymous_2)
FN:9,(anonymous_3)
FNF:2
FNH:2
FNDA:1,(anonymous_2)
FNDA:1,(anonymous_3)
DA:1,1
DA:2,1
DA:5,1
DA:6,1
DA:9,1
DA:10,1
LF:6
LH:6
BRF:0
BRH:0
end_of_record
TN:
SF:src\Scheduler and Cron Service Setup\microservices\scheduler-service\src\app.module.ts
FNF:0
FNH:0
DA:1,0
DA:2,0
DA:3,0
DA:4,0
DA:5,0
DA:12,0
LF:6
LH:0
BRF:0
BRH:0
end_of_record
TN:
SF:src\Scheduler and Cron Service Setup\microservices\scheduler-service\src\app.service.ts
FN:5,(anonymous_1)
FNF:1
FNH:1
FNDA:1,(anonymous_1)
DA:1,1
DA:4,1
DA:6,1
LF:3
LH:3
BRF:0
BRH:0
end_of_record
TN:
SF:src\Scheduler and Cron Service Setup\microservices\scheduler-service\src\main.ts
FN:4,bootstrap
FNF:1
FNH:0
FNDA:0,bootstrap
DA:1,0
DA:2,0
DA:5,0
DA:6,0
DA:8,0
LF:5
LH:0
BRDA:6,0,0,0
BRDA:6,0,1,0
BRF:2
BRH:0
end_of_record
TN:
SF:src\Scheduler and Cron Service Setup\microservices\scheduler-service\src\scheduler.service.ts
FN:5,(anonymous_2)
FN:10,(anonymous_3)
FNF:2
FNH:0
FNDA:0,(anonymous_2)
FNDA:0,(anonymous_3)
DA:1,0
DA:2,0
DA:5,0
DA:6,0
DA:10,0
DA:11,0
LF:6
LH:0
BRF:0
BRH:0
end_of_record
TN:
SF:src\Search and Indexing Service Setup\src\app.module.ts
FN:15,(anonymous_1)
FNF:1
FNH:0
FNDA:0,(anonymous_1)
DA:1,0
DA:2,0
DA:3,0
DA:4,0
DA:5,0
DA:6,0
DA:15,0
DA:28,0
LF:8
LH:0
BRDA:16,0,0,0
BRDA:16,0,1,0
BRDA:17,1,0,0
BRDA:17,1,1,0
BRDA:19,2,0,0
BRDA:19,2,1,0
BRF:6
BRH:0
end_of_record
TN:
SF:src\Search and Indexing Service Setup\src\main.ts
FN:5,bootstrap
FNF:1
FNH:0
FNDA:0,bootstrap
DA:1,0
DA:2,0
DA:3,0
DA:6,0
DA:8,0
DA:19,0
DA:21,0
DA:22,0
DA:24,0
DA:27,0
LF:10
LH:0
BRDA:21,0,0,0
BRDA:21,0,1,0
BRF:2
BRH:0
end_of_record
TN:
SF:src\Search and Indexing Service Setup\src\analytics\analytics.controller.ts
FN:6,(anonymous_4)
FN:9,(anonymous_5)
FN:15,(anonymous_6)
FN:30,(anonymous_7)
FN:45,(anonymous_8)
FNF:5
FNH:0
FNDA:0,(anonymous_4)
FNDA:0,(anonymous_5)
FNDA:0,(anonymous_6)
FNDA:0,(anonymous_7)
FNDA:0,(anonymous_8)
DA:1,0
DA:2,0
DA:5,0
DA:6,0
DA:9,0
DA:10,0
DA:11,0
DA:15,0
DA:20,0
DA:26,0
DA:30,0
DA:35,0
DA:41,0
DA:45,0
DA:50,0
DA:56,0
LF:16
LH:0
BRDA:21,0,0,0
BRDA:21,0,1,0
BRDA:22,1,0,0
BRDA:22,1,1,0
BRDA:36,2,0,0
BRDA:36,2,1,0
BRDA:37,3,0,0
BRDA:37,3,1,0
BRDA:51,4,0,0
BRDA:51,4,1,0
BRDA:52,5,0,0
BRDA:52,5,1,0
BRF:12
BRH:0
end_of_record
TN:
SF:src\Search and Indexing Service Setup\src\analytics\analytics.module.ts
FNF:0
FNH:0
DA:1,0
DA:2,0
DA:3,0
DA:4,0
DA:12,0
LF:5
LH:0
BRF:0
BRH:0
end_of_record
TN:
SF:src\Search and Indexing Service Setup\src\analytics\analytics.service.ts
FN:26,(anonymous_2)
FN:28,(anonymous_3)
FN:47,(anonymous_4)
FN:67,(anonymous_5)
FN:112,(anonymous_6)
FN:125,(anonymous_7)
FN:192,(anonymous_8)
FN:197,(anonymous_9)
FN:208,(anonymous_10)
FN:243,(anonymous_11)
FNF:10
FNH:0
FNDA:0,(anonymous_2)
FNDA:0,(anonymous_3)
FNDA:0,(anonymous_4)
FNDA:0,(anonymous_5)
FNDA:0,(anonymous_6)
FNDA:0,(anonymous_7)
FNDA:0,(anonymous_8)
FNDA:0,(anonymous_9)
FNDA:0,(anonymous_10)
FNDA:0,(anonymous_11)
DA:1,0
DA:3,0
DA:4,0
DA:23,0
DA:24,0
DA:26,0
DA:29,0
DA:30,0
DA:36,0
DA:41,0
DA:43,0
DA:48,0
DA:49,0
DA:61,0
DA:63,0
DA:68,0
DA:70,0
DA:71,0
DA:72,0
DA:73,0
DA:74,0
DA:77,0
DA:78,0
DA:81,0
DA:82,0
DA:111,0
DA:112,0
DA:120,0
DA:121,0
DA:126,0
DA:128,0
DA:129,0
DA:130,0
DA:131,0
DA:132,0
DA:135,0
DA:136,0
DA:139,0
DA:140,0
DA:180,0
DA:182,0
DA:192,0
DA:197,0
DA:203,0
DA:204,0
DA:209,0
DA:211,0
DA:212,0
DA:213,0
DA:214,0
DA:215,0
DA:218,0
DA:219,0
DA:222,0
DA:223,0
DA:242,0
DA:243,0
DA:249,0
DA:250,0
LF:59
LH:0
BRDA:70,0,0,0
BRDA:70,1,0,0
BRDA:70,1,1,0
BRDA:72,2,0,0
BRDA:73,3,0,0
BRDA:77,4,0,0
BRDA:88,5,0,0
BRDA:88,5,1,0
BRDA:128,6,0,0
BRDA:128,7,0,0
BRDA:128,7,1,0
BRDA:130,8,0,0
BRDA:131,9,0,0
BRDA:135,10,0,0
BRDA:146,11,0,0
BRDA:146,11,1,0
BRDA:184,12,0,0
BRDA:184,12,1,0
BRDA:185,13,0,0
BRDA:185,13,1,0
BRDA:188,14,0,0
BRDA:188,14,1,0
BRDA:211,15,0,0
BRDA:211,16,0,0
BRDA:211,16,1,0
BRDA:213,17,0,0
BRDA:214,18,0,0
BRDA:218,19,0,0
BRF:28
BRH:0
end_of_record
TN:
SF:src\Search and Indexing Service Setup\src\common\constants\index.constants.ts
FNF:0
FNH:0
DA:1,0
DA:8,0
DA:119,0
LF:3
LH:0
BRDA:2,0,0,0
BRDA:2,0,1,0
BRDA:3,1,0,0
BRDA:3,1,1,0
BRDA:4,2,0,0
BRDA:4,2,1,0
BRDA:5,3,0,0
BRDA:5,3,1,0
BRF:8
BRH:0
end_of_record
TN:
SF:src\Search and Indexing Service Setup\src\common\dto\search.dto.ts
FN:12,(anonymous_2)
FN:20,(anonymous_3)
FN:27,(anonymous_4)
FN:54,(anonymous_5)
FN:59,(anonymous_6)
FN:66,(anonymous_7)
FN:71,(anonymous_8)
FN:85,(anonymous_9)
FN:93,(anonymous_10)
FNF:9
FNH:0
FNDA:0,(anonymous_2)
FNDA:0,(anonymous_3)
FNDA:0,(anonymous_4)
FNDA:0,(anonymous_5)
FNDA:0,(anonymous_6)
FNDA:0,(anonymous_7)
FNDA:0,(anonymous_8)
FNDA:0,(anonymous_9)
FNDA:0,(anonymous_10)
DA:1,0
DA:10,0
DA:12,0
DA:15,0
DA:20,0
DA:21,0
DA:27,0
DA:28,0
DA:32,0
DA:36,0
DA:40,0
DA:43,0
DA:46,0
DA:50,0
DA:54,0
DA:55,0
DA:59,0
DA:60,0
DA:63,0
DA:66,0
DA:67,0
DA:71,0
DA:72,0
DA:75,0
DA:78,0
DA:82,0
DA:85,0
DA:87,0
DA:93,0
DA:94,0
DA:98,0
LF:31
LH:0
BRF:0
BRH:0
end_of_record
TN:
SF:src\Search and Indexing Service Setup\src\index\index.controller.ts
FN:19,(anonymous_4)
FN:23,(anonymous_5)
FN:30,(anonymous_6)
FN:37,(anonymous_7)
FN:44,(anonymous_8)
FN:51,(anonymous_9)
FN:58,(anonymous_10)
FN:65,(anonymous_11)
FN:71,(anonymous_12)
FNF:9
FNH:0
FNDA:0,(anonymous_4)
FNDA:0,(anonymous_5)
FNDA:0,(anonymous_6)
FNDA:0,(anonymous_7)
FNDA:0,(anonymous_8)
FNDA:0,(anonymous_9)
FNDA:0,(anonymous_10)
FNDA:0,(anonymous_11)
FNDA:0,(anonymous_12)
DA:1,0
DA:10,0
DA:18,0
DA:19,0
DA:23,0
DA:24,0
DA:25,0
DA:30,0
DA:31,0
DA:32,0
DA:37,0
DA:38,0
DA:39,0
DA:44,0
DA:45,0
DA:46,0
DA:51,0
DA:52,0
DA:53,0
DA:58,0
DA:59,0
DA:60,0
DA:65,0
DA:66,0
DA:71,0
DA:72,0
DA:73,0
LF:27
LH:0
BRF:0
BRH:0
end_of_record
TN:
SF:src\Search and Indexing Service Setup\src\index\index.module.ts
FNF:0
FNH:0
DA:1,0
DA:2,0
DA:3,0
DA:4,0
DA:12,0
LF:5
LH:0
BRF:0
BRH:0
end_of_record
TN:
SF:src\Search and Indexing Service Setup\src\index\index.service.ts
FN:19,(anonymous_2)
FN:21,(anonymous_3)
FN:25,(anonymous_4)
FN:49,(anonymous_5)
FN:59,(anonymous_6)
FN:72,(anonymous_7)
FN:82,(anonymous_8)
FN:90,(anonymous_9)
FN:102,(anonymous_10)
FN:128,(anonymous_11)
FN:138,(anonymous_12)
FN:146,(anonymous_13)
FN:158,(anonymous_14)
FN:184,(anonymous_15)
FN:194,(anonymous_16)
FN:204,(anonymous_17)
FN:216,(anonymous_18)
FN:242,(anonymous_19)
FN:256,(anonymous_20)
FN:265,(anonymous_21)
FN:269,(anonymous_22)
FNF:21
FNH:0
FNDA:0,(anonymous_2)
FNDA:0,(anonymous_3)
FNDA:0,(anonymous_4)
FNDA:0,(anonymous_5)
FNDA:0,(anonymous_6)
FNDA:0,(anonymous_7)
FNDA:0,(anonymous_8)
FNDA:0,(anonymous_9)
FNDA:0,(anonymous_10)
FNDA:0,(anonymous_11)
FNDA:0,(anonymous_12)
FNDA:0,(anonymous_13)
FNDA:0,(anonymous_14)
FNDA:0,(anonymous_15)
FNDA:0,(anonymous_16)
FNDA:0,(anonymous_17)
FNDA:0,(anonymous_18)
FNDA:0,(anonymous_19)
FNDA:0,(anonymous_20)
FNDA:0,(anonymous_21)
FNDA:0,(anonymous_22)
DA:1,0
DA:3,0
DA:16,0
DA:17,0
DA:19,0
DA:22,0
DA:26,0
DA:28,0
DA:29,0
DA:30,0
DA:34,0
DA:35,0
DA:36,0
DA:38,0
DA:41,0
DA:50,0
DA:60,0
DA:64,0
DA:65,0
DA:68,0
DA:73,0
DA:79,0
DA:83,0
DA:90,0
DA:95,0
DA:96,0
DA:101,0
DA:102,0
DA:103,0
DA:104,0
DA:105,0
DA:107,0
DA:110,0
DA:112,0
DA:115,0
DA:119,0
DA:120,0
DA:121,0
DA:122,0
DA:125,0
DA:129,0
DA:135,0
DA:139,0
DA:146,0
DA:151,0
DA:152,0
DA:157,0
DA:158,0
DA:159,0
DA:160,0
DA:161,0
DA:163,0
DA:166,0
DA:168,0
DA:171,0
DA:175,0
DA:176,0
DA:177,0
DA:178,0
DA:181,0
DA:185,0
DA:191,0
DA:197,0
DA:204,0
DA:209,0
DA:210,0
DA:215,0
DA:216,0
DA:217,0
DA:218,0
DA:219,0
DA:221,0
DA:224,0
DA:226,0
DA:229,0
DA:233,0
DA:234,0
DA:235,0
DA:236,0
DA:239,0
DA:247,0
DA:253,0
DA:257,0
DA:262,0
DA:266,0
DA:268,0
DA:269,0
DA:272,0
DA:273,0
DA:274,0
LF:90
LH:0
BRDA:34,0,0,0
BRDA:34,0,1,0
BRDA:64,1,0,0
BRDA:101,2,0,0
BRDA:101,2,1,0
BRDA:103,3,0,0
BRDA:103,3,1,0
BRDA:157,4,0,0
BRDA:157,4,1,0
BRDA:159,5,0,0
BRDA:159,5,1,0
BRDA:215,6,0,0
BRDA:215,6,1,0
BRDA:217,7,0,0
BRDA:217,7,1,0
BRDA:272,8,0,0
BRF:16
BRH:0
end_of_record
TN:
SF:src\Search and Indexing Service Setup\src\search\search.controller.ts
FN:14,(anonymous_4)
FN:20,(anonymous_5)
FN:38,(anonymous_6)
FN:55,(anonymous_7)
FN:72,(anonymous_8)
FNF:5
FNH:0
FNDA:0,(anonymous_4)
FNDA:0,(anonymous_5)
FNDA:0,(anonymous_6)
FNDA:0,(anonymous_7)
FNDA:0,(anonymous_8)
DA:1,0
DA:2,0
DA:3,0
DA:4,0
DA:10,0
DA:13,0
DA:15,0
DA:16,0
DA:20,0
DA:21,0
DA:22,0
DA:23,0
DA:26,0
DA:34,0
DA:38,0
DA:39,0
DA:40,0
DA:41,0
DA:43,0
DA:51,0
DA:55,0
DA:56,0
DA:57,0
DA:58,0
DA:60,0
DA:68,0
DA:72,0
DA:73,0
LF:28
LH:0
BRDA:27,0,0,0
BRDA:27,0,1,0
BRDA:31,1,0,0
BRDA:31,1,1,0
BRDA:44,2,0,0
BRDA:44,2,1,0
BRDA:48,3,0,0
BRDA:48,3,1,0
BRDA:61,4,0,0
BRDA:61,4,1,0
BRDA:65,5,0,0
BRDA:65,5,1,0
BRF:12
BRH:0
end_of_record
TN:
SF:src\Search and Indexing Service Setup\src\search\search.module.ts
FNF:0
FNH:0
DA:1,0
DA:2,0
DA:3,0
DA:4,0
DA:5,0
DA:13,0
LF:6
LH:0
BRF:0
BRH:0
end_of_record
TN:
SF:src\Search and Indexing Service Setup\src\search\search.service.ts
FN:24,(anonymous_2)
FN:26,(anonymous_3)
FN:77,(anonymous_4)
FN:148,(anonymous_5)
FN:185,(anonymous_6)
FN:248,(anonymous_7)
FN:286,(anonymous_8)
FN:343,(anonymous_9)
FN:356,(anonymous_10)
FN:382,(anonymous_11)
FN:391,(anonymous_12)
FN:398,(anonymous_13)
FN:402,(anonymous_14)
FN:417,(anonymous_15)
FN:424,(anonymous_16)
FNF:15
FNH:0
FNDA:0,(anonymous_2)
FNDA:0,(anonymous_3)
FNDA:0,(anonymous_4)
FNDA:0,(anonymous_5)
FNDA:0,(anonymous_6)
FNDA:0,(anonymous_7)
FNDA:0,(anonymous_8)
FNDA:0,(anonymous_9)
FNDA:0,(anonymous_10)
FNDA:0,(anonymous_11)
FNDA:0,(anonymous_12)
FNDA:0,(anonymous_13)
FNDA:0,(anonymous_14)
FNDA:0,(anonymous_15)
FNDA:0,(anonymous_16)
DA:1,0
DA:3,0
DA:21,0
DA:22,0
DA:24,0
DA:36,0
DA:37,0
DA:39,0
DA:40,0
DA:43,0
DA:44,0
DA:55,0
DA:56,0
DA:59,0
DA:60,0
DA:63,0
DA:67,0
DA:68,0
DA:69,0
DA:70,0
DA:73,0
DA:76,0
DA:77,0
DA:78,0
DA:79,0
DA:81,0
DA:86,0
DA:125,0
DA:126,0
DA:127,0
DA:128,0
DA:130,0
DA:133,0
DA:134,0
DA:135,0
DA:139,0
DA:141,0
DA:143,0
DA:144,0
DA:158,0
DA:159,0
DA:161,0
DA:162,0
DA:164,0
DA:165,0
DA:175,0
DA:176,0
DA:177,0
DA:178,0
DA:179,0
DA:182,0
DA:184,0
DA:185,0
DA:186,0
DA:187,0
DA:189,0
DA:194,0
DA:225,0
DA:226,0
DA:227,0
DA:228,0
DA:230,0
DA:233,0
DA:234,0
DA:235,0
DA:239,0
DA:241,0
DA:243,0
DA:244,0
DA:258,0
DA:259,0
DA:261,0
DA:262,0
DA:264,0
DA:265,0
DA:275,0
DA:276,0
DA:279,0
DA:280,0
DA:283,0
DA:285,0
DA:286,0
DA:287,0
DA:288,0
DA:290,0
DA:295,0
DA:320,0
DA:321,0
DA:322,0
DA:323,0
DA:325,0
DA:328,0
DA:329,0
DA:330,0
DA:334,0
DA:336,0
DA:338,0
DA:339,0
DA:346,0
DA:348,0
DA:349,0
DA:352,0
DA:356,0
DA:375,0
DA:376,0
DA:378,0
DA:379,0
DA:380,0
DA:382,0
DA:383,0
DA:391,0
DA:393,0
DA:394,0
DA:402,0
DA:409,0
DA:418,0
DA:419,0
DA:420,0
DA:421,0
DA:425,0
DA:426,0
DA:427,0
DA:428,0
LF:123
LH:0
BRDA:31,0,0,0
BRDA:32,1,0,0
BRDA:34,2,0,0
BRDA:43,3,0,0
BRDA:55,4,0,0
BRDA:59,5,0,0
BRDA:63,6,0,0
BRDA:64,7,0,0
BRDA:64,7,1,0
BRDA:68,8,0,0
BRDA:69,9,0,0
BRDA:76,10,0,0
BRDA:78,11,0,0
BRDA:78,11,1,0
BRDA:91,12,0,0
BRDA:91,12,1,0
BRDA:125,13,0,0
BRDA:125,13,1,0
BRDA:127,14,0,0
BRDA:127,14,1,0
BRDA:153,15,0,0
BRDA:154,16,0,0
BRDA:156,17,0,0
BRDA:164,18,0,0
BRDA:175,19,0,0
BRDA:175,20,0,0
BRDA:175,20,1,0
BRDA:177,21,0,0
BRDA:178,22,0,0
BRDA:184,23,0,0
BRDA:186,24,0,0
BRDA:186,24,1,0
BRDA:199,25,0,0
BRDA:199,25,1,0
BRDA:225,26,0,0
BRDA:225,26,1,0
BRDA:227,27,0,0
BRDA:227,27,1,0
BRDA:253,28,0,0
BRDA:254,29,0,0
BRDA:256,30,0,0
BRDA:264,31,0,0
BRDA:275,32,0,0
BRDA:279,33,0,0
BRDA:285,34,0,0
BRDA:287,35,0,0
BRDA:287,35,1,0
BRDA:300,36,0,0
BRDA:300,36,1,0
BRDA:320,37,0,0
BRDA:320,37,1,0
BRDA:322,38,0,0
BRDA:322,38,1,0
BRDA:346,39,0,0
BRDA:348,40,0,0
BRDA:348,41,0,0
BRDA:348,41,1,0
BRDA:352,42,0,0
BRDA:352,42,1,0
BRDA:380,43,0,0
BRDA:380,43,1,0
BRDA:418,44,0,0
BRDA:419,45,0,0
BRDA:420,46,0,0
BRDA:425,47,0,0
BRDA:426,48,0,0
BRDA:427,49,0,0
BRF:67
BRH:0
end_of_record
TN:
SF:src\achievements\achievement-condition.engine.ts
FN:14,(anonymous_4)
FN:25,(anonymous_5)
FN:32,(anonymous_6)
FN:50,(anonymous_7)
FNF:4
FNH:0
FNDA:0,(anonymous_4)
FNDA:0,(anonymous_5)
FNDA:0,(anonymous_6)
FNDA:0,(anonymous_7)
DA:3,3
DA:4,3
DA:5,3
DA:6,3
DA:7,3
DA:11,3
DA:12,0
DA:16,0
DA:18,0
DA:26,0
DA:27,0
DA:33,0
DA:35,0
DA:36,0
DA:37,0
DA:38,0
DA:39,0
DA:44,0
DA:51,0
DA:52,0
DA:53,0
DA:54,0
DA:55,0
DA:56,0
DA:57,0
DA:58,0
DA:66,0
DA:70,0
LF:28
LH:6
BRDA:26,0,0,0
BRDA:26,1,0,0
BRDA:26,1,1,0
BRDA:26,1,2,0
BRDA:36,2,0,0
BRDA:36,3,0,0
BRDA:36,3,1,0
BRDA:38,4,0,0
BRDA:38,5,0,0
BRDA:38,5,1,0
BRDA:55,6,0,0
BRDA:57,7,0,0
BRF:12
BRH:0
end_of_record
TN:
SF:src\achievements\achievements.controller.ts
FN:9,(anonymous_4)
FN:12,(anonymous_5)
FN:17,(anonymous_6)
FN:22,(anonymous_7)
FN:27,(anonymous_8)
FN:32,(anonymous_9)
FN:39,(anonymous_10)
FN:44,(anonymous_11)
FN:49,(anonymous_12)
FN:56,(anonymous_13)
FN:63,(anonymous_14)
FN:70,(anonymous_15)
FN:77,(anonymous_16)
FNF:13
FNH:1
FNDA:1,(anonymous_4)
FNDA:0,(anonymous_5)
FNDA:0,(anonymous_6)
FNDA:0,(anonymous_7)
FNDA:0,(anonymous_8)
FNDA:0,(anonymous_9)
FNDA:0,(anonymous_10)
FNDA:0,(anonymous_11)
FNDA:0,(anonymous_12)
FNDA:0,(anonymous_13)
FNDA:0,(anonymous_14)
FNDA:0,(anonymous_15)
FNDA:0,(anonymous_16)
DA:2,1
DA:3,1
DA:4,1
DA:5,1
DA:8,1
DA:9,1
DA:12,1
DA:13,0
DA:17,1
DA:18,0
DA:22,1
DA:23,0
DA:27,1
DA:28,0
DA:32,1
DA:33,0
DA:39,1
DA:40,0
DA:44,1
DA:45,0
DA:49,1
DA:50,0
DA:56,1
DA:57,0
DA:63,1
DA:64,0
DA:70,1
DA:71,0
DA:77,1
DA:78,0
LF:30
LH:18
BRF:0
BRH:0
end_of_record
TN:
SF:src\achievements\achievements.module.ts
FNF:0
FNH:0
DA:1,0
DA:2,0
DA:4,0
DA:5,0
DA:6,0
DA:7,0
DA:8,0
DA:9,0
DA:17,0
LF:9
LH:0
BRF:0
BRH:0
end_of_record
TN:
SF:src\achievements\achievements.service.ts
FN:14,(anonymous_4)
FN:23,(anonymous_5)
FN:28,(anonymous_6)
FN:32,(anonymous_7)
FN:36,(anonymous_8)
FN:41,(anonymous_9)
FN:47,(anonymous_10)
FN:75,(anonymous_11)
FN:103,(anonymous_12)
FN:106,(anonymous_13)
FN:107,(anonymous_14)
FN:118,(anonymous_15)
FN:135,(anonymous_16)
FN:144,(anonymous_17)
FN:148,(anonymous_18)
FN:152,(anonymous_19)
FN:156,(anonymous_20)
FN:163,(anonymous_21)
FNF:18
FNH:1
FNDA:1,(anonymous_4)
FNDA:0,(anonymous_5)
FNDA:0,(anonymous_6)
FNDA:0,(anonymous_7)
FNDA:0,(anonymous_8)
FNDA:0,(anonymous_9)
FNDA:0,(anonymous_10)
FNDA:0,(anonymous_11)
FNDA:0,(anonymous_12)
FNDA:0,(anonymous_13)
FNDA:0,(anonymous_14)
FNDA:0,(anonymous_15)
FNDA:0,(anonymous_16)
FNDA:0,(anonymous_17)
FNDA:0,(anonymous_18)
FNDA:0,(anonymous_19)
FNDA:0,(anonymous_20)
FNDA:0,(anonymous_21)
DA:2,3
DA:5,3
DA:6,3
DA:7,3
DA:8,3
DA:9,3
DA:10,3
DA:13,3
DA:16,1
DA:18,1
DA:19,1
DA:20,1
DA:24,0
DA:25,0
DA:29,0
DA:33,0
DA:37,0
DA:38,0
DA:42,0
DA:43,0
DA:48,0
DA:49,0
DA:50,0
DA:51,0
DA:52,0
DA:53,0
DA:54,0
DA:62,0
DA:69,0
DA:71,0
DA:76,0
DA:77,0
DA:78,0
DA:79,0
DA:80,0
DA:88,0
DA:89,0
DA:90,0
DA:91,0
DA:92,0
DA:99,0
DA:104,0
DA:105,0
DA:106,0
DA:107,0
DA:108,0
DA:119,0
DA:120,0
DA:121,0
DA:122,0
DA:123,0
DA:124,0
DA:131,0
DA:137,0
DA:146,0
DA:148,0
DA:153,0
DA:158,0
DA:164,0
DA:172,0
LF:60
LH:12
BRDA:49,0,0,0
BRDA:51,1,0,0
BRDA:53,2,0,0
BRDA:75,3,0,0
BRDA:77,4,0,0
BRDA:79,5,0,0
BRDA:89,6,0,0
BRDA:110,7,0,0
BRDA:110,7,1,0
BRDA:111,8,0,0
BRDA:111,8,1,0
BRDA:128,9,0,0
BRDA:128,9,1,0
BRF:13
BRH:0
end_of_record
TN:
SF:src\achievements\dto\create-achievement.dto.ts
FNF:0
FNH:0
DA:3,1
LF:1
LH:1
BRF:0
BRH:0
end_of_record
TN:
SF:src\achievements\dto\update-achievement.dto.ts
FNF:0
FNH:0
DA:1,1
DA:2,1
DA:4,1
LF:3
LH:3
BRF:0
BRH:0
end_of_record
TN:
SF:src\achievements\entities\achievement.entity.ts
FN:118,(anonymous_2)
FN:118,(anonymous_3)
FNF:2
FNH:0
FNDA:0,(anonymous_2)
FNDA:0,(anonymous_3)
DA:1,22
DA:12,22
DA:18,22
DA:20,22
DA:24,22
DA:27,22
DA:31,22
DA:35,22
DA:38,22
DA:41,22
DA:44,22
DA:48,22
DA:51,22
DA:55,22
DA:58,22
DA:62,22
DA:66,22
DA:70,22
DA:83,22
DA:95,22
DA:108,22
DA:112,22
DA:115,22
DA:118,0
DA:119,22
LF:25
LH:24
BRF:0
BRH:0
end_of_record
TN:
SF:src\achievements\entities\user-achievement.entity.ts
FN:83,(anonymous_2)
FN:83,(anonymous_3)
FN:87,(anonymous_4)
FN:87,(anonymous_5)
FNF:4
FNH:0
FNDA:0,(anonymous_2)
FNDA:0,(anonymous_3)
FNDA:0,(anonymous_4)
FNDA:0,(anonymous_5)
DA:1,22
DA:10,22
DA:11,22
DA:17,22
DA:19,22
DA:23,22
DA:27,22
DA:30,22
DA:33,22
DA:37,22
DA:40,22
DA:43,22
DA:47,22
DA:50,22
DA:53,22
DA:57,22
DA:67,22
DA:80,22
DA:83,0
DA:85,22
DA:87,0
DA:89,22
LF:22
LH:20
BRF:0
BRH:0
end_of_record
TN:
SF:src\admin\admin.module.ts
FNF:0
FNH:0
DA:1,0
DA:2,0
DA:3,0
DA:4,0
DA:5,0
DA:6,0
DA:7,0
DA:8,0
DA:9,0
DA:10,0
DA:11,0
DA:12,0
DA:13,0
DA:14,0
DA:15,0
DA:40,0
LF:16
LH:0
BRF:0
BRH:0
end_of_record
TN:
SF:src\admin\controllers\admin-analytics.controller.ts
FN:18,(anonymous_4)
FN:21,(anonymous_5)
FN:26,(anonymous_6)
FNF:3
FNH:0
FNDA:0,(anonymous_4)
FNDA:0,(anonymous_5)
FNDA:0,(anonymous_6)
DA:1,0
DA:7,0
DA:8,0
DA:9,0
DA:10,0
DA:11,0
DA:12,0
DA:17,0
DA:18,0
DA:21,0
DA:22,0
DA:26,0
DA:28,0
LF:13
LH:0
BRF:0
BRH:0
end_of_record
TN:
SF:src\admin\controllers\admin-moderation.controller.ts
FN:25,(anonymous_4)
FN:31,(anonymous_5)
FN:40,(anonymous_6)
FN:57,(anonymous_7)
FNF:4
FNH:0
FNDA:0,(anonymous_4)
FNDA:0,(anonymous_5)
FNDA:0,(anonymous_6)
FNDA:0,(anonymous_7)
DA:1,0
DA:11,0
DA:12,0
DA:13,0
DA:14,0
DA:15,0
DA:16,0
DA:17,0
DA:18,0
DA:19,0
DA:24,0
DA:26,0
DA:27,0
DA:31,0
DA:36,0
DA:40,0
DA:45,0
DA:46,0
DA:53,0
DA:57,0
DA:58,0
LF:21
LH:0
BRF:0
BRH:0
end_of_record
TN:
SF:src\admin\controllers\admin-monitoring.controller.ts
FN:20,(anonymous_2)
FN:27,(anonymous_3)
FN:32,(anonymous_4)
FN:37,(anonymous_5)
FNF:4
FNH:0
FNDA:0,(anonymous_2)
FNDA:0,(anonymous_3)
FNDA:0,(anonymous_4)
FNDA:0,(anonymous_5)
DA:1,0
DA:6,0
DA:7,0
DA:8,0
DA:9,0
DA:10,0
DA:11,0
DA:16,0
DA:17,0
DA:21,0
DA:27,0
DA:28,0
DA:32,0
DA:33,0
DA:37,0
DA:38,0
LF:16
LH:0
BRF:0
BRH:0
end_of_record
TN:
SF:src\admin\controllers\admin-puzzles.controller.ts
FN:28,(anonymous_4)
FN:34,(anonymous_5)
FN:39,(anonymous_6)
FN:52,(anonymous_7)
FN:70,(anonymous_8)
FNF:5
FNH:0
FNDA:0,(anonymous_4)
FNDA:0,(anonymous_5)
FNDA:0,(anonymous_6)
FNDA:0,(anonymous_7)
FNDA:0,(anonymous_8)
DA:1,0
DA:15,0
DA:16,0
DA:17,0
DA:18,0
DA:19,0
DA:20,0
DA:21,0
DA:22,0
DA:27,0
DA:29,0
DA:30,0
DA:34,0
DA:35,0
DA:39,0
DA:40,0
DA:41,0
DA:48,0
DA:52,0
DA:57,0
DA:58,0
DA:65,0
DA:70,0
DA:71,0
DA:72,0
LF:25
LH:0
BRF:0
BRH:0
end_of_record
TN:
SF:src\admin\controllers\admin-users.controller.ts
FN:22,(anonymous_4)
FN:28,(anonymous_5)
FN:33,(anonymous_6)
FN:50,(anonymous_7)
FNF:4
FNH:2
FNDA:2,(anonymous_4)
FNDA:0,(anonymous_5)
FNDA:1,(anonymous_6)
FNDA:0,(anonymous_7)
DA:1,1
DA:10,1
DA:11,1
DA:12,1
DA:13,1
DA:14,1
DA:15,1
DA:16,1
DA:21,1
DA:23,2
DA:24,2
DA:28,1
DA:29,0
DA:33,1
DA:38,1
DA:39,1
DA:46,1
DA:50,1
DA:55,0
DA:56,0
DA:63,0
LF:21
LH:17
BRF:0
BRH:0
end_of_record
TN:
SF:src\admin\entities\admin-audit-log.entity.ts
FN:16,(anonymous_2)
FNF:1
FNH:0
FNDA:0,(anonymous_2)
DA:1,1
DA:9,1
DA:12,1
DA:14,1
DA:16,0
DA:18,1
DA:21,1
DA:24,1
DA:27,1
DA:30,1
DA:33,1
DA:36,1
DA:39,1
DA:42,1
LF:14
LH:13
BRF:0
BRH:0
end_of_record
TN:
SF:src\admin\services\admin-audit-log.service.ts
FN:8,(anonymous_4)
FN:13,(anonymous_5)
FN:26,(anonymous_6)
FNF:3
FNH:0
FNDA:0,(anonymous_4)
FNDA:0,(anonymous_5)
FNDA:0,(anonymous_6)
DA:1,1
DA:2,1
DA:3,1
DA:4,1
DA:7,1
DA:10,0
DA:22,0
DA:23,0
DA:37,0
DA:43,0
DA:44,0
DA:47,0
DA:48,0
DA:51,0
DA:52,0
DA:55,0
DA:56,0
DA:59,0
DA:60,0
DA:63,0
LF:20
LH:5
BRDA:34,0,0,0
BRDA:35,1,0,0
BRDA:43,2,0,0
BRDA:47,3,0,0
BRDA:51,4,0,0
BRDA:55,5,0,0
BRDA:59,6,0,0
BRF:7
BRH:0
end_of_record
TN:
SF:src\admin\services\admin-users.service.ts
FN:10,(anonymous_4)
FN:17,(anonymous_5)
FN:24,(anonymous_6)
FN:39,(anonymous_7)
FNF:4
FNH:0
FNDA:0,(anonymous_4)
FNDA:0,(anonymous_5)
FNDA:0,(anonymous_6)
FNDA:0,(anonymous_7)
DA:1,1
DA:2,1
DA:3,1
DA:4,1
DA:5,1
DA:9,1
DA:12,0
DA:14,0
DA:18,0
DA:25,0
DA:26,0
DA:27,0
DA:30,0
DA:31,0
DA:32,0
DA:35,0
DA:36,0
DA:40,0
DA:41,0
DA:42,0
DA:45,0
DA:46,0
LF:22
LH:6
BRDA:26,0,0,0
BRDA:31,1,0,0
BRDA:41,2,0,0
BRF:3
BRH:0
end_of_record
TN:
SF:src\analytics\analytics.controller.ts
FN:8,(anonymous_4)
FN:11,(anonymous_5)
FN:16,(anonymous_6)
FNF:3
FNH:0
FNDA:0,(anonymous_4)
FNDA:0,(anonymous_5)
FNDA:0,(anonymous_6)
DA:1,0
DA:2,0
DA:3,0
DA:4,0
DA:7,0
DA:8,0
DA:11,0
DA:12,0
DA:16,0
DA:17,0
LF:10
LH:0
BRF:0
BRH:0
end_of_record
TN:
SF:src\analytics\analytics.module.ts
FNF:0
FNH:0
DA:1,0
DA:2,0
DA:3,0
DA:4,0
DA:5,0
DA:14,0
LF:6
LH:0
BRF:0
BRH:0
end_of_record
TN:
SF:src\analytics\analytics.service.ts
FN:10,(anonymous_4)
FN:15,(anonymous_5)
FN:25,(anonymous_6)
FNF:3
FNH:2
FNDA:1,(anonymous_4)
FNDA:0,(anonymous_5)
FNDA:1,(anonymous_6)
DA:1,1
DA:2,1
DA:3,1
DA:4,1
DA:9,1
DA:12,1
DA:16,0
DA:22,0
DA:26,1
DA:28,1
DA:29,1
DA:31,1
DA:32,1
DA:35,1
DA:36,1
DA:38,1
LF:16
LH:14
BRDA:18,0,0,0
BRDA:18,0,1,0
BRDA:28,1,0,1
BRDA:31,2,0,1
BRDA:39,3,0,1
BRDA:39,3,1,0
BRF:6
BRH:3
end_of_record
TN:
SF:src\analytics\dto\analytics-filter.dto.ts
FNF:0
FNH:0
DA:1,0
DA:4,0
DA:7,0
DA:12,0
DA:17,0
DA:22,0
DA:27,0
DA:32,0
DA:37,0
LF:9
LH:0
BRF:0
BRH:0
end_of_record
TN:
SF:src\analytics\dto\create-abtest.dto.ts
FNF:0
FNH:0
DA:1,0
DA:3,0
DA:5,0
DA:9,0
DA:12,0
DA:16,0
LF:6
LH:0
BRF:0
BRH:0
end_of_record
TN:
SF:src\analytics\dto\export-job.dto.ts
FN:4,(anonymous_2)
FN:7,(anonymous_3)
FNF:2
FNH:0
FNDA:0,(anonymous_2)
FNDA:0,(anonymous_3)
DA:1,0
DA:4,0
DA:7,0
DA:9,0
DA:12,0
DA:17,0
DA:22,0
LF:7
LH:0
BRDA:4,0,0,0
BRDA:4,0,1,0
BRF:2
BRH:0
end_of_record
TN:
SF:src\analytics\dto\filter-abtest.dto.ts
FNF:0
FNH:0
DA:1,0
DA:3,0
DA:6,0
DA:10,0
DA:14,0
LF:5
LH:0
BRF:0
BRH:0
end_of_record
TN:
SF:src\analytics\dto\filter-custom-event.dto.ts
FNF:0
FNH:0
DA:1,0
DA:3,0
DA:6,0
DA:10,0
DA:14,0
DA:18,0
LF:6
LH:0
BRF:0
BRH:0
end_of_record
TN:
SF:src\analytics\dto\filter-engagement.dto.ts
FNF:0
FNH:0
DA:1,0
DA:3,0
DA:6,0
DA:10,0
DA:14,0
LF:5
LH:0
BRF:0
BRH:0
end_of_record
TN:
SF:src\analytics\dto\filter-player-behavior.dto.ts
FNF:0
FNH:0
DA:1,0
DA:3,0
DA:6,0
DA:10,0
DA:14,0
DA:18,0
LF:6
LH:0
BRF:0
BRH:0
end_of_record
TN:
SF:src\analytics\dto\filter-puzzle-performance.dto.ts
FN:3,(anonymous_2)
FNF:1
FNH:0
FNDA:0,(anonymous_2)
DA:1,0
DA:3,0
DA:4,0
DA:5,0
DA:6,0
DA:7,0
DA:10,0
DA:13,0
DA:17,0
DA:21,0
DA:25,0
LF:11
LH:0
BRDA:3,0,0,0
BRDA:3,0,1,0
BRF:2
BRH:0
end_of_record
TN:
SF:src\analytics\dto\filter-revenue.dto.ts
FNF:0
FNH:0
DA:1,0
DA:3,0
DA:6,0
DA:10,0
DA:14,0
LF:5
LH:0
BRF:0
BRH:0
end_of_record
TN:
SF:src\analytics\dto\index.ts
FNF:0
FNH:0
DA:1,0
DA:2,0
DA:3,0
DA:4,0
DA:5,0
DA:6,0
DA:7,0
DA:8,0
DA:9,0
DA:10,0
DA:11,0
DA:12,0
LF:12
LH:0
BRF:0
BRH:0
end_of_record
TN:
SF:src\analytics\dto\track-abtest-result.dto.ts
FNF:0
FNH:0
DA:1,0
DA:3,0
DA:5,0
DA:8,0
DA:11,0
DA:14,0
DA:17,0
LF:7
LH:0
BRF:0
BRH:0
end_of_record
TN:
SF:src\analytics\dto\track-event.dto.ts
FNF:0
FNH:0
DA:1,0
DA:3,0
DA:5,0
DA:8,0
DA:11,0
DA:14,0
LF:6
LH:0
BRF:0
BRH:0
end_of_record
TN:
SF:src\analytics\dto\track-puzzle-attempt.dto.ts
FNF:0
FNH:0
DA:1,0
DA:2,0
DA:4,0
DA:6,0
DA:9,0
DA:12,0
DA:15,0
DA:18,0
DA:21,0
DA:24,0
DA:28,0
DA:32,0
LF:12
LH:0
BRF:0
BRH:0
end_of_record
TN:
SF:src\analytics\entities\abtest-result.entity.ts
FNF:0
FNH:0
DA:1,0
DA:5,0
DA:7,0
DA:11,0
DA:15,0
DA:18,0
DA:21,0
DA:24,0
DA:27,0
DA:31,0
LF:10
LH:0
BRF:0
BRH:0
end_of_record
TN:
SF:src\analytics\entities\analytics-event.entity.ts
FNF:0
FNH:0
DA:1,1
DA:4,1
DA:6,1
DA:10,1
DA:13,1
DA:17,1
DA:21,1
DA:25,1
DA:29,1
LF:9
LH:9
BRF:0
BRH:0
end_of_record
TN:
SF:src\analytics\entities\custom-event.entity.ts
FNF:0
FNH:0
DA:1,0
DA:5,0
DA:7,0
DA:11,0
DA:14,0
DA:18,0
DA:21,0
DA:24,0
DA:28,0
LF:9
LH:0
BRF:0
BRH:0
end_of_record
TN:
SF:src\analytics\entities\player-cohort.entity.ts
FNF:0
FNH:0
DA:1,0
DA:5,0
DA:7,0
DA:11,0
DA:15,0
DA:18,0
DA:21,0
DA:24,0
DA:27,0
DA:30,0
LF:10
LH:0
BRF:0
BRH:0
end_of_record
TN:
SF:src\analytics\entities\player-event.entity.ts
FNF:0
FNH:0
DA:1,0
DA:6,0
DA:8,0
DA:12,0
DA:16,0
DA:19,0
DA:22,0
DA:25,0
DA:28,0
DA:31,0
DA:34,0
DA:38,0
LF:12
LH:0
BRF:0
BRH:0
end_of_record
TN:
SF:src\analytics\entities\puzzle-attempt.entity.ts
FNF:0
FNH:0
DA:1,0
DA:6,0
DA:8,0
DA:12,0
DA:16,0
DA:19,0
DA:22,0
DA:25,0
DA:28,0
DA:31,0
DA:34,0
DA:37,0
DA:40,0
DA:43,0
DA:46,0
DA:50,0
LF:16
LH:0
BRF:0
BRH:0
end_of_record
TN:
SF:src\analytics\entities\revenue-event.entity.ts
FNF:0
FNH:0
DA:1,0
DA:6,0
DA:8,0
DA:12,0
DA:15,0
DA:18,0
DA:21,0
DA:24,0
DA:27,0
DA:30,0
DA:34,0
LF:11
LH:0
BRF:0
BRH:0
end_of_record
TN:
SF:src\anti-cheat\anti-cheat.module.ts
FNF:0
FNH:0
DA:1,0
DA:2,0
DA:3,0
DA:4,0
DA:5,0
DA:6,0
DA:7,0
DA:8,0
DA:9,0
DA:10,0
DA:36,0
LF:11
LH:0
BRF:0
BRH:0
end_of_record
TN:
SF:src\anti-cheat\constants.ts
FN:8,(anonymous_0)
FN:26,(anonymous_1)
FN:36,(anonymous_2)
FN:49,(anonymous_3)
FN:60,(anonymous_4)
FN:72,(anonymous_5)
FN:83,(anonymous_6)
FN:95,(anonymous_7)
FNF:8
FNH:8
FNDA:2,(anonymous_0)
FNDA:2,(anonymous_1)
FNDA:2,(anonymous_2)
FNDA:2,(anonymous_3)
FNDA:2,(anonymous_4)
FNDA:2,(anonymous_5)
FNDA:2,(anonymous_6)
FNDA:2,(anonymous_7)
DA:8,2
DA:9,2
DA:10,2
DA:11,2
DA:12,2
DA:13,2
DA:14,2
DA:15,2
DA:16,2
DA:17,2
DA:18,2
DA:19,2
DA:20,2
DA:26,2
DA:27,2
DA:28,2
DA:29,2
DA:30,2
DA:36,2
DA:37,2
DA:38,2
DA:39,2
DA:40,2
DA:41,2
DA:42,2
DA:43,2
DA:49,2
DA:50,2
DA:51,2
DA:52,2
DA:53,2
DA:54,2
DA:60,2
DA:61,2
DA:62,2
DA:63,2
DA:64,2
DA:65,2
DA:66,2
DA:72,2
DA:73,2
DA:74,2
DA:75,2
DA:76,2
DA:77,2
DA:83,2
DA:84,2
DA:85,2
DA:86,2
DA:87,2
DA:88,2
DA:89,2
DA:95,2
DA:96,2
DA:97,2
DA:98,2
DA:104,2
DA:147,2
DA:157,2
LF:59
LH:59
BRDA:8,0,0,2
BRDA:8,0,1,2
BRDA:26,1,0,2
BRDA:26,1,1,2
BRDA:36,2,0,2
BRDA:36,2,1,2
BRDA:49,3,0,2
BRDA:49,3,1,2
BRDA:60,4,0,2
BRDA:60,4,1,2
BRDA:72,5,0,2
BRDA:72,5,1,2
BRDA:83,6,0,2
BRDA:83,6,1,2
BRDA:95,7,0,2
BRDA:95,7,1,2
BRF:16
BRH:16
end_of_record
TN:
SF:src\anti-cheat\config\anti-cheat.config.ts
FN:70,(anonymous_0)
FNF:1
FNH:0
FNDA:0,(anonymous_0)
DA:1,0
DA:2,0
DA:70,0
LF:3
LH:0
BRDA:74,0,0,0
BRDA:74,0,1,0
BRDA:75,1,0,0
BRDA:75,1,1,0
BRDA:76,2,0,0
BRDA:76,2,1,0
BRDA:77,3,0,0
BRDA:77,3,1,0
BRDA:78,4,0,0
BRDA:78,4,1,0
BRDA:79,5,0,0
BRDA:79,5,1,0
BRDA:80,6,0,0
BRDA:80,6,1,0
BRDA:81,7,0,0
BRDA:81,7,1,0
BRDA:82,8,0,0
BRDA:82,8,1,0
BRDA:83,9,0,0
BRDA:83,9,1,0
BRDA:84,10,0,0
BRDA:84,10,1,0
BRDA:85,11,0,0
BRDA:85,11,1,0
BRDA:86,12,0,0
BRDA:86,12,1,0
BRDA:87,13,0,0
BRDA:87,13,1,0
BRDA:88,14,0,0
BRDA:88,14,1,0
BRDA:95,15,0,0
BRDA:95,15,1,0
BRDA:100,16,0,0
BRDA:100,16,1,0
BRDA:101,17,0,0
BRDA:101,17,1,0
BRDA:112,18,0,0
BRDA:112,18,1,0
BRDA:113,19,0,0
BRDA:113,19,1,0
BRDA:124,20,0,0
BRDA:124,20,1,0
BRDA:130,21,0,0
BRDA:130,21,1,0
BRDA:131,22,0,0
BRDA:131,22,1,0
BRDA:136,23,0,0
BRDA:136,23,1,0
BRDA:138,24,0,0
BRDA:138,24,1,0
BRDA:144,25,0,0
BRDA:144,25,1,0
BRF:52
BRH:0
end_of_record
TN:
SF:src\anti-cheat\entities\cheat-violation.entity.ts
FNF:0
FNH:0
DA:1,1
DA:12,1
DA:21,1
DA:23,1
DA:27,1
DA:31,1
DA:34,1
DA:41,1
DA:48,1
DA:51,1
DA:54,1
DA:80,1
DA:83,1
DA:86,1
DA:89,1
DA:99,1
DA:102,1
DA:105,1
DA:109,1
DA:112,1
LF:20
LH:20
BRF:0
BRH:0
end_of_record
TN:
SF:src\anti-cheat\entities\player-behavior-profile.entity.ts
FNF:0
FNH:0
DA:1,1
DA:18,1
DA:20,1
DA:24,1
DA:27,1
DA:36,1
DA:44,1
DA:53,1
DA:61,1
DA:72,1
DA:75,1
DA:78,1
DA:81,1
DA:84,1
DA:87,1
DA:90,1
LF:16
LH:16
BRF:0
BRH:0
end_of_record
TN:
SF:src\anti-cheat\entities\puzzle-move-audit.entity.ts
FNF:0
FNH:0
DA:1,1
DA:20,1
DA:22,1
DA:26,1
DA:30,1
DA:34,1
DA:37,1
DA:40,1
DA:43,1
DA:46,1
DA:49,1
DA:52,1
DA:62,1
DA:65,1
DA:69,1
LF:15
LH:15
BRF:0
BRH:0
end_of_record
TN:
SF:src\anti-cheat\guards\anti-cheat.guard.ts
FN:23,(anonymous_2)
FN:32,(anonymous_3)
FN:51,(anonymous_4)
FN:57,(anonymous_5)
FN:69,(anonymous_6)
FNF:5
FNH:0
FNDA:0,(anonymous_2)
FNDA:0,(anonymous_3)
FNDA:0,(anonymous_4)
FNDA:0,(anonymous_5)
FNDA:0,(anonymous_6)
DA:1,0
DA:8,0
DA:9,0
DA:18,0
DA:19,0
DA:24,0
DA:25,0
DA:27,0
DA:28,0
DA:29,0
DA:33,0
DA:34,0
DA:35,0
DA:38,0
DA:39,0
DA:40,0
DA:43,0
DA:45,0
DA:51,0
DA:53,0
DA:54,0
DA:57,0
DA:61,0
DA:62,0
DA:63,0
DA:67,0
DA:69,0
DA:73,0
DA:76,0
DA:77,0
DA:81,0
DA:82,0
LF:32
LH:0
BRDA:39,0,0,0
BRDA:53,1,0,0
BRDA:61,2,0,0
BRDA:61,3,0,0
BRDA:61,3,1,0
BRDA:76,4,0,0
BRF:6
BRH:0
end_of_record
TN:
SF:src\anti-cheat\services\anti-cheat.service.ts
FN:22,(anonymous_4)
FN:38,(anonymous_5)
FN:80,(anonymous_6)
FN:108,(anonymous_7)
FN:119,(anonymous_8)
FN:160,(anonymous_9)
FN:184,(anonymous_10)
FN:211,(anonymous_11)
FN:225,(anonymous_12)
FN:278,(anonymous_13)
FN:319,(anonymous_14)
FN:329,(anonymous_15)
FNF:12
FNH:9
FNDA:14,(anonymous_4)
FNDA:2,(anonymous_5)
FNDA:2,(anonymous_6)
FNDA:1,(anonymous_7)
FNDA:2,(anonymous_8)
FNDA:2,(anonymous_9)
FNDA:3,(anonymous_10)
FNDA:0,(anonymous_11)
FNDA:4,(anonymous_12)
FNDA:2,(anonymous_13)
FNDA:0,(anonymous_14)
FNDA:0,(anonymous_15)
DA:1,1
DA:2,1
DA:3,1
DA:4,1
DA:5,1
DA:6,1
DA:7,1
DA:8,1
DA:9,1
DA:18,1
DA:19,14
DA:24,14
DA:26,14
DA:28,14
DA:29,14
DA:30,14
DA:32,14
DA:47,2
DA:49,2
DA:51,2
DA:52,0
DA:56,2
DA:69,2
DA:71,1
DA:73,1
DA:91,2
DA:93,2
DA:95,2
DA:96,1
DA:101,1
DA:102,1
DA:106,1
DA:108,1
DA:112,0
DA:125,2
DA:127,2
DA:140,2
DA:142,2
DA:143,2
DA:148,0
DA:154,2
DA:162,2
DA:164,2
DA:171,2
DA:172,1
DA:178,1
DA:185,3
DA:186,3
DA:187,3
DA:190,3
DA:191,2
DA:198,1
DA:199,0
DA:205,1
DA:219,0
DA:226,4
DA:228,4
DA:229,1
DA:268,1
DA:269,1
DA:272,4
DA:285,2
DA:286,2
DA:288,2
DA:289,2
DA:292,2
DA:293,2
DA:300,1
DA:301,1
DA:306,1
DA:309,1
DA:310,1
DA:312,1
DA:320,0
DA:330,0
LF:75
LH:68
BRDA:49,0,0,2
BRDA:49,0,1,0
BRDA:51,1,0,0
BRDA:95,2,0,1
BRDA:95,3,0,2
BRDA:95,3,1,1
BRDA:142,4,0,2
BRDA:142,4,1,0
BRDA:171,5,0,1
BRDA:190,6,0,2
BRDA:198,7,0,0
BRDA:228,8,0,1
BRDA:288,9,0,2
BRDA:292,10,0,2
BRDA:292,11,0,2
BRDA:292,11,1,2
BRF:16
BRH:12
end_of_record
TN:
SF:src\anti-cheat\services\detection.service.ts
FN:38,(anonymous_2)
FN:46,(anonymous_3)
FN:63,(anonymous_4)
FN:80,(anonymous_5)
FN:108,(anonymous_6)
FN:129,(anonymous_7)
FN:137,(anonymous_8)
FN:185,(anonymous_9)
FN:233,(anonymous_10)
FN:240,(anonymous_11)
FN:281,(anonymous_12)
FN:296,(anonymous_13)
FN:297,(anonymous_14)
FN:309,(anonymous_15)
FN:312,(anonymous_16)
FN:313,(anonymous_17)
FN:314,(anonymous_18)
FN:320,(anonymous_19)
FNF:18
FNH:18
FNDA:18,(anonymous_2)
FNDA:7,(anonymous_3)
FNDA:99,(anonymous_4)
FNDA:37,(anonymous_5)
FNDA:33,(anonymous_6)
FNDA:99,(anonymous_7)
FNDA:5,(anonymous_8)
FNDA:5,(anonymous_9)
FNDA:4,(anonymous_10)
FNDA:75,(anonymous_11)
FNDA:2,(anonymous_12)
FNDA:8,(anonymous_13)
FNDA:8,(anonymous_14)
FNDA:6,(anonymous_15)
FNDA:99,(anonymous_16)
FNDA:99,(anonymous_17)
FNDA:99,(anonymous_18)
FNDA:2,(anonymous_19)
DA:1,2
DA:2,2
DA:4,2
DA:34,2
DA:35,18
DA:38,18
DA:39,18
DA:47,7
DA:48,1
DA:51,6
DA:52,6
DA:53,99
DA:54,99
DA:55,99
DA:59,6
DA:60,0
DA:63,99
DA:64,6
DA:66,6
DA:69,6
DA:70,3
DA:80,37
DA:94,6
DA:95,6
DA:97,6
DA:98,2
DA:108,33
DA:121,6
DA:129,99
DA:142,5
DA:143,1
DA:146,4
DA:148,4
DA:149,2
DA:150,2
DA:151,2
DA:175,4
DA:190,5
DA:191,0
DA:194,5
DA:195,5
DA:198,5
DA:199,1
DA:222,5
DA:234,4
DA:235,1
DA:240,3
DA:241,75
DA:244,72
DA:247,3
DA:249,3
DA:250,2
DA:271,3
DA:289,2
DA:296,8
DA:297,8
DA:299,2
DA:310,6
DA:312,99
DA:313,99
DA:314,99
DA:321,2
DA:322,1
LF:63
LH:61
BRDA:47,0,0,1
BRDA:54,1,0,99
BRDA:59,2,0,0
BRDA:69,3,0,3
BRDA:97,4,0,2
BRDA:97,5,0,6
BRDA:97,5,1,4
BRDA:142,6,0,1
BRDA:148,7,0,2
BRDA:148,8,0,4
BRDA:148,8,1,3
BRDA:150,9,0,2
BRDA:190,10,0,0
BRDA:190,11,0,5
BRDA:190,11,1,5
BRDA:198,12,0,1
BRDA:198,13,0,5
BRDA:198,13,1,2
BRDA:234,14,0,1
BRDA:241,15,0,3
BRDA:249,16,0,2
BRDA:249,17,0,3
BRDA:249,17,1,3
BRDA:292,18,0,2
BRDA:292,18,1,0
BRDA:310,19,0,0
BRDA:321,20,0,1
BRF:27
BRH:23
end_of_record
TN:
SF:src\auth\auth.controller.ts
FN:20,(anonymous_4)
FN:33,(anonymous_5)
FN:50,(anonymous_6)
FN:60,(anonymous_7)
FN:69,(anonymous_8)
FN:82,(anonymous_9)
FN:99,(anonymous_10)
FN:114,(anonymous_11)
FN:130,(anonymous_12)
FN:148,(anonymous_13)
FN:157,(anonymous_14)
FN:177,(anonymous_15)
FN:198,(anonymous_16)
FN:202,(anonymous_17)
FNF:14
FNH:0
FNDA:0,(anonymous_4)
FNDA:0,(anonymous_5)
FNDA:0,(anonymous_6)
FNDA:0,(anonymous_7)
FNDA:0,(anonymous_8)
FNDA:0,(anonymous_9)
FNDA:0,(anonymous_10)
FNDA:0,(anonymous_11)
FNDA:0,(anonymous_12)
FNDA:0,(anonymous_13)
FNDA:0,(anonymous_14)
FNDA:0,(anonymous_15)
FNDA:0,(anonymous_16)
FNDA:0,(anonymous_17)
DA:1,1
DA:3,1
DA:4,1
DA:5,1
DA:6,1
DA:7,1
DA:8,1
DA:9,1
DA:11,1
DA:12,1
DA:13,1
DA:14,1
DA:15,1
DA:19,1
DA:20,0
DA:33,1
DA:34,0
DA:50,1
DA:51,0
DA:60,1
DA:61,0
DA:69,1
DA:70,0
DA:82,1
DA:83,0
DA:99,1
DA:101,0
DA:114,1
DA:116,0
DA:130,1
DA:132,0
DA:148,1
DA:149,0
DA:157,1
DA:177,1
DA:180,0
DA:182,0
DA:183,0
DA:198,1
DA:202,1
DA:203,0
DA:204,0
DA:205,0
LF:43
LH:27
BRF:0
BRH:0
end_of_record
TN:
SF:src\auth\auth.module.ts
FNF:0
FNH:0
DA:1,1
DA:2,1
DA:3,1
DA:4,1
DA:5,1
DA:6,1
DA:7,1
DA:8,1
DA:9,1
DA:10,1
DA:11,1
DA:12,1
DA:13,1
DA:28,1
LF:14
LH:14
BRF:0
BRH:0
end_of_record
TN:
SF:src\auth\auth.service.ts
FN:20,(anonymous_11)
FN:27,(anonymous_12)
FN:31,(anonymous_13)
FN:35,(anonymous_14)
FN:60,(anonymous_15)
FN:94,(anonymous_16)
FN:114,(anonymous_17)
FN:129,(anonymous_18)
FN:151,(anonymous_19)
FN:168,(anonymous_20)
FN:190,(anonymous_21)
FN:203,(anonymous_22)
FN:207,(anonymous_23)
FN:215,(anonymous_24)
FN:222,(anonymous_25)
FNF:15
FNH:0
FNDA:0,(anonymous_11)
FNDA:0,(anonymous_12)
FNDA:0,(anonymous_13)
FNDA:0,(anonymous_14)
FNDA:0,(anonymous_15)
FNDA:0,(anonymous_16)
FNDA:0,(anonymous_17)
FNDA:0,(anonymous_18)
FNDA:0,(anonymous_19)
FNDA:0,(anonymous_20)
FNDA:0,(anonymous_21)
FNDA:0,(anonymous_22)
FNDA:0,(anonymous_23)
FNDA:0,(anonymous_24)
FNDA:0,(anonymous_25)
DA:1,1
DA:5,1
DA:15,1
DA:16,1
DA:19,1
DA:21,0
DA:22,0
DA:23,0
DA:24,0
DA:28,0
DA:32,0
DA:36,0
DA:42,0
DA:46,0
DA:47,0
DA:48,0
DA:50,0
DA:55,0
DA:57,0
DA:61,0
DA:63,0
DA:64,0
DA:65,0
DA:68,0
DA:69,0
DA:71,0
DA:72,0
DA:74,0
DA:75,0
DA:78,0
DA:86,0
DA:89,0
DA:91,0
DA:95,0
DA:97,0
DA:103,0
DA:104,0
DA:107,0
DA:108,0
DA:111,0
DA:115,0
DA:116,0
DA:118,0
DA:119,0
DA:122,0
DA:123,0
DA:124,0
DA:126,0
DA:130,0
DA:131,0
DA:133,0
DA:135,0
DA:138,0
DA:139,0
DA:141,0
DA:142,0
DA:143,0
DA:146,0
DA:148,0
DA:152,0
DA:154,0
DA:156,0
DA:157,0
DA:160,0
DA:161,0
DA:162,0
DA:163,0
DA:165,0
DA:169,0
DA:174,0
DA:176,0
DA:177,0
DA:179,0
DA:183,0
DA:184,0
DA:187,0
DA:191,0
DA:195,0
DA:196,0
DA:197,0
DA:198,0
DA:200,0
DA:204,0
DA:208,0
DA:209,0
DA:210,0
DA:212,0
DA:216,0
DA:219,0
DA:226,0
DA:227,0
DA:230,0
DA:231,0
DA:235,0
DA:236,0
DA:241,0
DA:242,0
DA:246,0
DA:247,0
DA:248,0
DA:249,0
DA:254,0
DA:255,0
DA:256,0
DA:259,0
DA:264,0
DA:266,0
DA:268,0
LF:108
LH:5
BRDA:39,0,0,0
BRDA:39,0,1,0
BRDA:64,1,0,0
BRDA:71,2,0,0
BRDA:71,2,1,0
BRDA:72,3,0,0
BRDA:103,4,0,0
BRDA:103,5,0,0
BRDA:103,5,1,0
BRDA:103,5,2,0
BRDA:107,6,0,0
BRDA:118,7,0,0
BRDA:133,8,0,0
BRDA:156,9,0,0
BRDA:156,10,0,0
BRDA:156,10,1,0
BRDA:156,10,2,0
BRDA:174,11,0,0
BRDA:174,12,0,0
BRDA:174,12,1,0
BRDA:176,13,0,0
BRDA:195,14,0,0
BRDA:209,15,0,0
BRDA:209,16,0,0
BRDA:209,16,1,0
BRDA:219,17,0,0
BRDA:219,17,1,0
BRDA:227,18,0,0
BRDA:227,18,1,0
BRDA:230,19,0,0
BRDA:235,20,0,0
BRDA:241,21,0,0
BRDA:246,22,0,0
BRDA:255,23,0,0
BRF:34
BRH:0
end_of_record
TN:
SF:src\auth\constants.ts
FN:13,(anonymous_0)
FNF:1
FNH:1
FNDA:4,(anonymous_0)
DA:1,4
DA:9,4
DA:11,4
DA:13,4
DA:14,4
DA:15,4
DA:16,4
DA:17,4
LF:8
LH:8
BRDA:2,0,0,4
BRDA:2,0,1,4
BRDA:13,1,0,4
BRDA:13,1,1,4
BRF:4
BRH:4
end_of_record
TN:
SF:src\auth\wallet-auth.controller.ts
FN:6,(anonymous_4)
FN:9,(anonymous_5)
FN:14,(anonymous_6)
FNF:3
FNH:0
FNDA:0,(anonymous_4)
FNDA:0,(anonymous_5)
FNDA:0,(anonymous_6)
DA:1,0
DA:2,0
DA:5,0
DA:6,0
DA:9,0
DA:10,0
DA:14,0
DA:19,0
LF:8
LH:0
BRF:0
BRH:0
end_of_record
TN:
SF:src\auth\wallet-auth.module.ts
FNF:0
FNH:0
DA:1,0
DA:2,0
DA:3,0
DA:4,0
DA:5,0
DA:12,0
LF:6
LH:0
BRF:0
BRH:0
end_of_record
TN:
SF:src\auth\wallet-auth.service.ts
FN:10,(anonymous_13)
FN:15,(anonymous_14)
FN:20,(anonymous_15)
FNF:3
FNH:0
FNDA:0,(anonymous_13)
FNDA:0,(anonymous_14)
FNDA:0,(anonymous_15)
DA:1,1
DA:2,1
DA:3,1
DA:4,1
DA:5,1
DA:6,1
DA:9,1
DA:12,0
DA:17,0
DA:21,0
DA:22,0
DA:23,0
DA:25,0
DA:26,0
DA:29,0
DA:30,0
DA:31,0
DA:32,0
DA:36,0
DA:42,0
LF:20
LH:7
BRDA:26,0,0,0
BRDA:30,1,0,0
BRF:2
BRH:0
end_of_record
TN:
SF:src\auth\decorators\active-user.decorator.ts
FN:4,(anonymous_0)
FNF:1
FNH:0
FNDA:0,(anonymous_0)
DA:1,1
DA:3,1
DA:5,0
DA:6,0
LF:4
LH:2
BRF:0
BRH:0
end_of_record
TN:
SF:src\auth\decorators\roles.decorator.ts
FN:5,(anonymous_0)
FNF:1
FNH:1
FNDA:2,(anonymous_0)
DA:1,2
DA:4,2
DA:5,2
LF:3
LH:3
BRF:0
BRH:0
end_of_record
TN:
SF:src\auth\dto\forgot-password.dto.ts
FNF:0
FNH:0
DA:1,1
DA:2,1
DA:4,1
DA:7,1
LF:4
LH:4
BRF:0
BRH:0
end_of_record
TN:
SF:src\auth\dto\login-user.dto.ts
FNF:0
FNH:0
DA:1,1
DA:2,1
DA:4,1
DA:7,1
DA:11,1
LF:5
LH:5
BRF:0
BRH:0
end_of_record
TN:
SF:src\auth\dto\register-user.dto.ts
FNF:0
FNH:0
DA:1,1
DA:2,1
DA:4,1
DA:7,1
DA:12,1
DA:21,1
LF:6
LH:6
BRF:0
BRH:0
end_of_record
TN:
SF:src\auth\dto\reset-password.dto.ts
FNF:0
FNH:0
DA:1,1
DA:2,1
DA:4,1
DA:10,1
DA:15,1
LF:5
LH:5
BRF:0
BRH:0
end_of_record
TN:
SF:src\auth\dto\verify-email.dto.ts
FNF:0
FNH:0
DA:1,1
DA:2,1
DA:4,1
DA:10,1
LF:4
LH:4
BRF:0
BRH:0
end_of_record
TN:
SF:src\auth\entities\refresh-token.entity.ts
FN:19,(anonymous_2)
FN:20,(anonymous_3)
FNF:2
FNH:0
FNDA:0,(anonymous_2)
FNDA:0,(anonymous_3)
DA:1,3
DA:2,3
DA:5,3
DA:7,3
DA:10,3
DA:13,3
DA:16,3
DA:19,0
DA:20,0
DA:24,3
DA:27,3
DA:30,3
LF:12
LH:10
BRF:0
BRH:0
end_of_record
TN:
SF:src\auth\entities\role.entity.ts
FN:16,(anonymous_2)
FN:17,(anonymous_3)
FNF:2
FNH:0
FNDA:0,(anonymous_2)
FNDA:0,(anonymous_3)
DA:1,3
DA:2,3
DA:5,3
DA:7,3
DA:10,3
DA:13,3
DA:16,0
DA:17,0
DA:19,3
LF:9
LH:7
BRF:0
BRH:0
end_of_record
TN:
SF:src\auth\entities\user.entity.ts
FN:38,(anonymous_2)
FN:39,(anonymous_3)
FN:49,(anonymous_4)
FN:50,(anonymous_5)
FNF:4
FNH:0
FNDA:0,(anonymous_2)
FNDA:0,(anonymous_3)
FNDA:0,(anonymous_4)
FNDA:0,(anonymous_5)
DA:1,3
DA:11,3
DA:12,3
DA:15,3
DA:17,3
DA:20,3
DA:23,3
DA:26,3
DA:29,3
DA:32,3
DA:35,3
DA:38,0
DA:39,0
DA:43,3
DA:46,3
DA:49,0
DA:50,0
DA:52,3
DA:55,3
DA:58,3
DA:62,3
DA:65,3
DA:68,3
DA:71,3
LF:24
LH:20
BRF:0
BRH:0
end_of_record
TN:
SF:src\auth\entities\wallet-user.entity.ts
FNF:0
FNH:0
DA:1,1
DA:4,1
DA:6,1
DA:9,1
DA:12,1
DA:15,1
LF:6
LH:6
BRF:0
BRH:0
end_of_record
TN:
SF:src\auth\guards\api-key.guard.ts
FN:5,(anonymous_1)
FNF:1
FNH:0
FNDA:0,(anonymous_1)
DA:1,0
DA:4,0
DA:6,0
DA:7,0
LF:4
LH:0
BRF:0
BRH:0
end_of_record
TN:
SF:src\auth\guards\jwt-auth.guard.ts
FNF:0
FNH:0
DA:1,3
DA:2,3
DA:5,3
LF:3
LH:3
BRF:0
BRH:0
end_of_record
TN:
SF:src\auth\guards\refresh-jwt-auth.guard.ts
FNF:0
FNH:0
DA:1,1
DA:2,1
DA:5,1
LF:3
LH:3
BRF:0
BRH:0
end_of_record
TN:
SF:src\auth\guards\roles.guard.ts
FN:8,(anonymous_2)
FN:10,(anonymous_3)
FN:28,(anonymous_4)
FNF:3
FNH:3
FNDA:10,(anonymous_2)
FNDA:7,(anonymous_3)
FNDA:4,(anonymous_4)
DA:1,3
DA:2,3
DA:3,3
DA:7,3
DA:8,10
DA:11,7
DA:16,7
DA:17,1
DA:20,6
DA:23,6
DA:24,3
DA:28,4
LF:12
LH:12
BRDA:16,0,0,1
BRDA:23,1,0,3
BRDA:23,2,0,6
BRDA:23,2,1,5
BRDA:23,2,2,4
BRF:5
BRH:5
end_of_record
TN:
SF:src\auth\strategies\google.strategy.ts
FN:9,(anonymous_2)
FN:21,(anonymous_3)
FNF:2
FNH:0
FNDA:0,(anonymous_2)
FNDA:0,(anonymous_3)
DA:1,1
DA:2,1
DA:3,1
DA:4,1
DA:8,1
DA:10,0
DA:11,0
DA:13,0
DA:22,0
DA:23,0
DA:32,0
DA:33,0
LF:12
LH:5
BRDA:16,0,0,0
BRDA:16,0,1,0
BRF:2
BRH:0
end_of_record
TN:
SF:src\auth\strategies\jwt.strategy.ts
FN:10,(anonymous_2)
FN:18,(anonymous_3)
FNF:2
FNH:2
FNDA:3,(anonymous_2)
FNDA:2,(anonymous_3)
DA:1,2
DA:2,2
DA:3,2
DA:4,2
DA:9,2
DA:10,3
DA:11,3
DA:22,2
DA:23,2
DA:25,1
DA:28,1
LF:11
LH:11
BRDA:23,0,0,1
BRF:1
BRH:1
end_of_record
TN:
SF:src\auth\strategies\refresh-jwt.strategy.ts
FN:10,(anonymous_2)
FN:19,(anonymous_3)
FNF:2
FNH:0
FNDA:0,(anonymous_2)
FNDA:0,(anonymous_3)
DA:1,1
DA:2,1
DA:3,1
DA:4,1
DA:9,1
DA:10,0
DA:11,0
DA:20,0
DA:21,0
DA:22,0
DA:25,0
DA:26,0
DA:27,0
DA:31,0
LF:14
LH:5
BRDA:21,0,0,0
BRDA:26,1,0,0
BRF:2
BRH:0
end_of_record
TN:
SF:src\blockchain\nft-minting.module.ts
FNF:0
FNH:0
DA:1,0
DA:2,0
DA:3,0
DA:4,0
DA:5,0
DA:6,0
DA:17,0
LF:7
LH:0
BRF:0
BRH:0
end_of_record
TN:
SF:src\blockchain\nft-minting.service.ts
FN:9,(anonymous_4)
FN:15,(anonymous_5)
FNF:2
FNH:0
FNDA:0,(anonymous_4)
FNDA:0,(anonymous_5)
DA:1,0
DA:2,0
DA:3,0
DA:4,0
DA:5,0
DA:8,0
DA:10,0
DA:12,0
DA:16,0
DA:22,0
DA:24,0
DA:25,0
DA:30,0
DA:31,0
DA:34,0
LF:15
LH:0
BRDA:24,0,0,0
BRF:1
BRH:0
end_of_record
TN:
SF:src\blockchain-transaction\blockchain-transaction.controller.ts
FN:25,(anonymous_4)
FN:38,(anonymous_5)
FN:49,(anonymous_6)
FN:59,(anonymous_7)
FN:72,(anonymous_8)
FN:82,(anonymous_9)
FN:92,(anonymous_10)
FN:102,(anonymous_11)
FN:114,(anonymous_12)
FN:134,(anonymous_13)
FN:152,(anonymous_14)
FN:162,(anonymous_15)
FN:173,(anonymous_16)
FN:185,(anonymous_17)
FN:197,(anonymous_18)
FNF:15
FNH:0
FNDA:0,(anonymous_4)
FNDA:0,(anonymous_5)
FNDA:0,(anonymous_6)
FNDA:0,(anonymous_7)
FNDA:0,(anonymous_8)
FNDA:0,(anonymous_9)
FNDA:0,(anonymous_10)
FNDA:0,(anonymous_11)
FNDA:0,(anonymous_12)
FNDA:0,(anonymous_13)
FNDA:0,(anonymous_14)
FNDA:0,(anonymous_15)
FNDA:0,(anonymous_16)
FNDA:0,(anonymous_17)
FNDA:0,(anonymous_18)
DA:1,0
DA:13,0
DA:14,0
DA:15,0
DA:16,0
DA:17,0
DA:18,0
DA:22,0
DA:23,0
DA:26,0
DA:27,0
DA:28,0
DA:29,0
DA:38,0
DA:39,0
DA:49,0
DA:50,0
DA:59,0
DA:63,0
DA:72,0
DA:73,0
DA:82,0
DA:83,0
DA:92,0
DA:93,0
DA:102,0
DA:103,0
DA:114,0
DA:115,0
DA:116,0
DA:117,0
DA:119,0
DA:134,0
DA:135,0
DA:136,0
DA:137,0
DA:139,0
DA:152,0
DA:153,0
DA:162,0
DA:163,0
DA:173,0
DA:174,0
DA:175,0
DA:185,0
DA:186,0
DA:187,0
DA:197,0
DA:198,0
DA:199,0
LF:50
LH:0
BRDA:116,0,0,0
BRDA:136,1,0,0
BRF:2
BRH:0
end_of_record
TN:
SF:src\blockchain-transaction\blockchain-transaction.service.ts
FN:17,(anonymous_4)
FN:27,(anonymous_5)
FN:39,(anonymous_6)
FN:77,(anonymous_7)
FN:92,(anonymous_8)
FN:129,(anonymous_9)
FN:154,(anonymous_10)
FN:236,(anonymous_11)
FN:244,(anonymous_12)
FN:253,(anonymous_13)
FNF:10
FNH:0
FNDA:0,(anonymous_4)
FNDA:0,(anonymous_5)
FNDA:0,(anonymous_6)
FNDA:0,(anonymous_7)
FNDA:0,(anonymous_8)
FNDA:0,(anonymous_9)
FNDA:0,(anonymous_10)
FNDA:0,(anonymous_11)
FNDA:0,(anonymous_12)
FNDA:0,(anonymous_13)
DA:1,0
DA:2,0
DA:3,0
DA:4,0
DA:9,0
DA:10,0
DA:14,0
DA:15,0
DA:19,0
DA:20,0
DA:21,0
DA:28,0
DA:33,0
DA:45,0
DA:47,0
DA:48,0
DA:49,0
DA:50,0
DA:51,0
DA:52,0
DA:53,0
DA:55,0
DA:56,0
DA:59,0
DA:66,0
DA:78,0
DA:82,0
DA:83,0
DA:86,0
DA:101,0
DA:103,0
DA:104,0
DA:105,0
DA:107,0
DA:108,0
DA:111,0
DA:118,0
DA:134,0
DA:136,0
DA:138,0
DA:139,0
DA:142,0
DA:143,0
DA:144,0
DA:145,0
DA:148,0
DA:155,0
DA:158,0
DA:159,0
DA:161,0
DA:162,0
DA:163,0
DA:169,0
DA:171,0
DA:172,0
DA:173,0
DA:176,0
DA:178,0
DA:182,0
DA:184,0
DA:188,0
DA:189,0
DA:193,0
DA:197,0
DA:200,0
DA:203,0
DA:204,0
DA:205,0
DA:209,0
DA:211,0
DA:212,0
DA:216,0
DA:217,0
DA:218,0
DA:219,0
DA:221,0
DA:224,0
DA:225,0
DA:229,0
DA:230,0
DA:237,0
DA:244,0
DA:245,0
DA:246,0
DA:254,0
DA:263,0
LF:86
LH:0
BRDA:47,0,0,0
BRDA:48,1,0,0
BRDA:49,2,0,0
BRDA:50,3,0,0
BRDA:51,4,0,0
BRDA:52,5,0,0
BRDA:53,6,0,0
BRDA:55,7,0,0
BRDA:55,8,0,0
BRDA:55,8,1,0
BRDA:61,9,0,0
BRDA:61,9,1,0
BRDA:61,10,0,0
BRDA:61,10,1,0
BRDA:69,11,0,0
BRDA:69,11,1,0
BRDA:70,12,0,0
BRDA:70,12,1,0
BRDA:82,13,0,0
BRDA:103,14,0,0
BRDA:104,15,0,0
BRDA:105,16,0,0
BRDA:107,17,0,0
BRDA:107,18,0,0
BRDA:107,18,1,0
BRDA:113,19,0,0
BRDA:113,19,1,0
BRDA:113,20,0,0
BRDA:113,20,1,0
BRDA:121,21,0,0
BRDA:121,21,1,0
BRDA:122,22,0,0
BRDA:122,22,1,0
BRDA:138,23,0,0
BRDA:142,24,0,0
BRDA:142,24,1,0
BRDA:144,25,0,0
BRDA:161,26,0,0
BRDA:161,26,1,0
BRDA:171,27,0,0
BRDA:182,28,0,0
BRDA:184,29,0,0
BRDA:184,29,1,0
BRDA:188,30,0,0
BRDA:217,31,0,0
BRDA:217,31,1,0
BRDA:219,32,0,0
BRDA:219,32,1,0
BRDA:263,33,0,0
BRDA:263,33,1,0
BRF:50
BRH:0
end_of_record
TN:
SF:src\blockchain-transaction\index.ts
FNF:0
FNH:0
DA:1,0
DA:2,0
DA:3,0
DA:4,0
DA:5,0
DA:6,0
DA:7,0
LF:7
LH:0
BRF:0
BRH:0
end_of_record
TN:
SF:src\blockchain-transaction\dto\create-transaction.dto.ts
FNF:0
FNH:0
DA:1,0
DA:2,0
DA:4,0
DA:6,0
DA:10,0
DA:13,0
DA:16,0
DA:19,0
DA:23,0
DA:27,0
DA:31,0
DA:35,0
DA:39,0
DA:43,0
DA:47,0
DA:51,0
DA:55,0
DA:59,0
DA:63,0
DA:66,0
DA:69,0
DA:72,0
DA:76,0
DA:80,0
LF:24
LH:0
BRF:0
BRH:0
end_of_record
TN:
SF:src\blockchain-transaction\dto\index.ts
FNF:0
FNH:0
DA:1,0
DA:2,0
DA:3,0
LF:3
LH:0
BRF:0
BRH:0
end_of_record
TN:
SF:src\blockchain-transaction\dto\transaction-analytics.dto.ts
FN:4,(anonymous_2)
FN:12,(anonymous_3)
FNF:2
FNH:0
FNDA:0,(anonymous_2)
FNDA:0,(anonymous_3)
DA:1,0
DA:2,0
DA:4,0
DA:5,0
DA:6,0
DA:7,0
DA:8,0
DA:9,0
DA:12,0
DA:15,0
DA:19,0
DA:23,0
DA:27,0
DA:31,0
DA:35,0
DA:39,0
LF:16
LH:0
BRDA:4,0,0,0
BRDA:4,0,1,0
BRF:2
BRH:0
end_of_record
TN:
SF:src\blockchain-transaction\dto\transaction-query.dto.ts
FN:5,(anonymous_2)
FN:46,(anonymous_3)
FN:52,(anonymous_4)
FNF:3
FNH:0
FNDA:0,(anonymous_2)
FNDA:0,(anonymous_3)
FNDA:0,(anonymous_4)
DA:1,0
DA:2,0
DA:3,0
DA:5,0
DA:8,0
DA:12,0
DA:16,0
DA:20,0
DA:24,0
DA:28,0
DA:32,0
DA:36,0
DA:40,0
DA:46,0
DA:47,0
DA:52,0
DA:53,0
DA:57,0
DA:61,0
LF:19
LH:0
BRF:0
BRH:0
end_of_record
TN:
SF:src\blockchain-transaction\entities\blockchain-transaction.entity.ts
FN:10,(anonymous_2)
FN:19,(anonymous_3)
FN:35,(anonymous_4)
FNF:3
FNH:0
FNDA:0,(anonymous_2)
FNDA:0,(anonymous_3)
FNDA:0,(anonymous_4)
DA:1,0
DA:10,0
DA:11,0
DA:12,0
DA:13,0
DA:14,0
DA:15,0
DA:16,0
DA:19,0
DA:20,0
DA:21,0
DA:22,0
DA:23,0
DA:24,0
DA:25,0
DA:26,0
DA:27,0
DA:28,0
DA:29,0
DA:30,0
DA:31,0
DA:32,0
DA:35,0
DA:36,0
DA:37,0
DA:38,0
DA:39,0
DA:40,0
DA:41,0
DA:42,0
DA:43,0
DA:44,0
DA:56,0
DA:58,0
DA:61,0
DA:64,0
DA:71,0
DA:78,0
DA:85,0
DA:88,0
DA:91,0
DA:94,0
DA:97,0
DA:100,0
DA:103,0
DA:106,0
DA:109,0
DA:112,0
DA:115,0
DA:118,0
DA:121,0
DA:124,0
DA:127,0
DA:130,0
DA:133,0
DA:136,0
DA:139,0
DA:142,0
DA:145,0
DA:148,0
DA:151,0
DA:154,0
DA:157,0
DA:160,0
LF:64
LH:0
BRDA:10,0,0,0
BRDA:10,0,1,0
BRDA:19,1,0,0
BRDA:19,1,1,0
BRDA:35,2,0,0
BRDA:35,2,1,0
BRF:6
BRH:0
end_of_record
TN:
SF:src\blockchain-transaction\interfaces\index.ts
FNF:0
FNH:0
DA:1,0
DA:2,0
LF:2
LH:0
BRF:0
BRH:0
end_of_record
TN:
SF:src\blockchain-transaction\services\index.ts
FNF:0
FNH:0
DA:1,0
DA:2,0
DA:3,0
DA:4,0
DA:5,0
DA:6,0
LF:6
LH:0
BRF:0
BRH:0
end_of_record
TN:
SF:src\blockchain-transaction\services\transaction-analytics.service.ts
FN:20,(anonymous_4)
FN:28,(anonymous_5)
FN:48,(anonymous_6)
FN:51,(anonymous_7)
FN:54,(anonymous_8)
FN:59,(anonymous_9)
FN:60,(anonymous_10)
FN:66,(anonymous_11)
FN:108,(anonymous_12)
FN:126,(anonymous_13)
FN:130,(anonymous_14)
FN:131,(anonymous_15)
FN:142,(anonymous_16)
FN:158,(anonymous_17)
FN:176,(anonymous_18)
FN:187,(anonymous_19)
FN:191,(anonymous_20)
FN:196,(anonymous_21)
FN:204,(anonymous_22)
FN:205,(anonymous_23)
FN:221,(anonymous_24)
FN:236,(anonymous_25)
FN:241,(anonymous_26)
FN:247,(anonymous_27)
FN:287,(anonymous_28)
FN:291,(anonymous_29)
FN:301,(anonymous_30)
FN:321,(anonymous_31)
FN:326,(anonymous_32)
FN:332,(anonymous_33)
FN:352,(anonymous_34)
FN:357,(anonymous_35)
FNF:32
FNH:0
FNDA:0,(anonymous_4)
FNDA:0,(anonymous_5)
FNDA:0,(anonymous_6)
FNDA:0,(anonymous_7)
FNDA:0,(anonymous_8)
FNDA:0,(anonymous_9)
FNDA:0,(anonymous_10)
FNDA:0,(anonymous_11)
FNDA:0,(anonymous_12)
FNDA:0,(anonymous_13)
FNDA:0,(anonymous_14)
FNDA:0,(anonymous_15)
FNDA:0,(anonymous_16)
FNDA:0,(anonymous_17)
FNDA:0,(anonymous_18)
FNDA:0,(anonymous_19)
FNDA:0,(anonymous_20)
FNDA:0,(anonymous_21)
FNDA:0,(anonymous_22)
FNDA:0,(anonymous_23)
FNDA:0,(anonymous_24)
FNDA:0,(anonymous_25)
FNDA:0,(anonymous_26)
FNDA:0,(anonymous_27)
FNDA:0,(anonymous_28)
FNDA:0,(anonymous_29)
FNDA:0,(anonymous_30)
FNDA:0,(anonymous_31)
FNDA:0,(anonymous_32)
FNDA:0,(anonymous_33)
FNDA:0,(anonymous_34)
FNDA:0,(anonymous_35)
DA:1,0
DA:2,0
DA:3,0
DA:4,0
DA:10,0
DA:17,0
DA:18,0
DA:22,0
DA:29,0
DA:32,0
DA:35,0
DA:38,0
DA:39,0
DA:40,0
DA:43,0
DA:46,0
DA:47,0
DA:48,0
DA:50,0
DA:51,0
DA:53,0
DA:54,0
DA:58,0
DA:59,0
DA:60,0
DA:64,0
DA:66,0
DA:71,0
DA:74,0
DA:77,0
DA:83,0
DA:84,0
DA:85,0
DA:86,0
DA:89,0
DA:115,0
DA:117,0
DA:124,0
DA:125,0
DA:126,0
DA:129,0
DA:130,0
DA:131,0
DA:134,0
DA:136,0
DA:140,0
DA:142,0
DA:146,0
DA:166,0
DA:167,0
DA:168,0
DA:170,0
DA:174,0
DA:175,0
DA:176,0
DA:179,0
DA:186,0
DA:187,0
DA:190,0
DA:191,0
DA:194,0
DA:197,0
DA:198,0
DA:203,0
DA:204,0
DA:205,0
DA:208,0
DA:226,0
DA:228,0
DA:232,0
DA:233,0
DA:235,0
DA:236,0
DA:241,0
DA:252,0
DA:253,0
DA:259,0
DA:262,0
DA:264,0
DA:265,0
DA:267,0
DA:268,0
DA:270,0
DA:271,0
DA:273,0
DA:274,0
DA:277,0
DA:278,0
DA:281,0
DA:291,0
DA:292,0
DA:293,0
DA:294,0
DA:304,0
DA:306,0
DA:307,0
DA:309,0
DA:310,0
DA:313,0
DA:315,0
DA:316,0
DA:320,0
DA:321,0
DA:326,0
DA:335,0
DA:337,0
DA:338,0
DA:340,0
DA:341,0
DA:344,0
DA:346,0
DA:347,0
DA:351,0
DA:352,0
DA:357,0
LF:115
LH:0
BRDA:38,0,0,0
BRDA:39,1,0,0
BRDA:40,2,0,0
BRDA:54,3,0,0
BRDA:54,3,1,0
BRDA:59,4,0,0
BRDA:59,4,1,0
BRDA:60,5,0,0
BRDA:60,5,1,0
BRDA:60,6,0,0
BRDA:60,6,1,0
BRDA:64,7,0,0
BRDA:64,7,1,0
BRDA:66,8,0,0
BRDA:66,8,1,0
BRDA:83,9,0,0
BRDA:83,9,1,0
BRDA:85,10,0,0
BRDA:130,11,0,0
BRDA:130,11,1,0
BRDA:131,12,0,0
BRDA:131,12,1,0
BRDA:131,13,0,0
BRDA:131,13,1,0
BRDA:136,14,0,0
BRDA:136,14,1,0
BRDA:140,15,0,0
BRDA:140,15,1,0
BRDA:142,16,0,0
BRDA:142,16,1,0
BRDA:191,17,0,0
BRDA:191,17,1,0
BRDA:191,17,2,0
BRDA:194,18,0,0
BRDA:194,18,1,0
BRDA:204,19,0,0
BRDA:204,19,1,0
BRDA:205,20,0,0
BRDA:205,20,1,0
BRDA:205,21,0,0
BRDA:205,21,1,0
BRDA:221,22,0,0
BRDA:239,23,0,0
BRDA:239,23,1,0
BRDA:252,24,0,0
BRDA:252,25,0,0
BRDA:252,25,1,0
BRDA:262,26,0,0
BRDA:262,26,1,0
BRDA:262,26,2,0
BRDA:262,26,3,0
BRDA:262,26,4,0
BRDA:262,26,5,0
BRDA:292,27,0,0
BRDA:292,27,1,0
BRDA:293,28,0,0
BRDA:293,28,1,0
BRDA:309,29,0,0
BRDA:315,30,0,0
BRDA:315,31,0,0
BRDA:315,31,1,0
BRDA:316,32,0,0
BRDA:316,32,1,0
BRDA:316,33,0,0
BRDA:316,33,1,0
BRDA:340,34,0,0
BRDA:346,35,0,0
BRDA:346,36,0,0
BRDA:346,36,1,0
BRDA:347,37,0,0
BRDA:347,37,1,0
BRDA:347,38,0,0
BRDA:347,38,1,0
BRF:73
BRH:0
end_of_record
TN:
SF:src\blockchain-transaction\services\transaction-parser.service.ts
FN:14,(anonymous_1)
FN:20,(anonymous_2)
FN:51,(anonymous_3)
FN:74,(anonymous_4)
FN:91,(anonymous_5)
FN:129,(anonymous_6)
FN:165,(anonymous_7)
FN:226,(anonymous_8)
FN:236,(anonymous_9)
FN:246,(anonymous_10)
FN:295,(anonymous_11)
FNF:11
FNH:0
FNDA:0,(anonymous_1)
FNDA:0,(anonymous_2)
FNDA:0,(anonymous_3)
FNDA:0,(anonymous_4)
FNDA:0,(anonymous_5)
FNDA:0,(anonymous_6)
FNDA:0,(anonymous_7)
FNDA:0,(anonymous_8)
FNDA:0,(anonymous_9)
FNDA:0,(anonymous_10)
FNDA:0,(anonymous_11)
DA:1,0
DA:2,0
DA:14,0
DA:15,0
DA:25,0
DA:27,0
DA:55,0
DA:56,0
DA:63,0
DA:64,0
DA:68,0
DA:78,0
DA:79,0
DA:81,0
DA:96,0
DA:104,0
DA:105,0
DA:107,0
DA:108,0
DA:109,0
DA:110,0
DA:111,0
DA:115,0
DA:116,0
DA:118,0
DA:130,0
DA:159,0
DA:169,0
DA:171,0
DA:174,0
DA:175,0
DA:176,0
DA:177,0
DA:178,0
DA:181,0
DA:182,0
DA:183,0
DA:184,0
DA:185,0
DA:188,0
DA:189,0
DA:190,0
DA:191,0
DA:194,0
DA:195,0
DA:196,0
DA:199,0
DA:200,0
DA:201,0
DA:202,0
DA:203,0
DA:204,0
DA:205,0
DA:206,0
DA:209,0
DA:214,0
DA:217,0
DA:220,0
DA:227,0
DA:228,0
DA:230,0
DA:237,0
DA:238,0
DA:240,0
DA:251,0
DA:252,0
DA:253,0
DA:254,0
DA:256,0
DA:257,0
DA:259,0
DA:260,0
DA:262,0
DA:263,0
DA:265,0
DA:266,0
DA:268,0
DA:269,0
DA:271,0
DA:272,0
DA:277,0
DA:279,0
DA:282,0
DA:284,0
DA:289,0
DA:296,0
DA:299,0
DA:302,0
DA:303,0
DA:307,0
DA:308,0
DA:309,0
DA:312,0
LF:93
LH:0
BRDA:23,0,0,0
BRDA:33,1,0,0
BRDA:33,1,1,0
BRDA:43,2,0,0
BRDA:43,2,1,0
BRDA:44,3,0,0
BRDA:44,3,1,0
BRDA:55,4,0,0
BRDA:55,5,0,0
BRDA:55,5,1,0
BRDA:63,6,0,0
BRDA:109,7,0,0
BRDA:109,8,0,0
BRDA:109,8,1,0
BRDA:159,9,0,0
BRDA:159,9,1,0
BRDA:171,10,0,0
BRDA:171,10,1,0
BRDA:171,10,2,0
BRDA:171,10,3,0
BRDA:171,10,4,0
BRDA:171,10,5,0
BRDA:171,10,6,0
BRDA:171,10,7,0
BRDA:199,11,0,0
BRDA:201,12,0,0
BRDA:201,12,1,0
BRDA:203,13,0,0
BRDA:203,13,1,0
BRDA:203,14,0,0
BRDA:203,14,1,0
BRDA:205,15,0,0
BRDA:227,16,0,0
BRDA:230,17,0,0
BRDA:230,17,1,0
BRDA:237,18,0,0
BRDA:251,19,0,0
BRDA:253,20,0,0
BRDA:253,21,0,0
BRDA:253,21,1,0
BRDA:256,22,0,0
BRDA:256,23,0,0
BRDA:256,23,1,0
BRDA:259,24,0,0
BRDA:262,25,0,0
BRDA:265,26,0,0
BRDA:265,27,0,0
BRDA:265,27,1,0
BRDA:268,28,0,0
BRDA:271,29,0,0
BRDA:279,30,0,0
BRDA:282,31,0,0
BRDA:282,32,0,0
BRDA:282,32,1,0
BRDA:296,33,0,0
BRDA:302,34,0,0
BRDA:308,35,0,0
BRF:57
BRH:0
end_of_record
TN:
SF:src\blockchain\entities\nft-ownership.entity.ts
FNF:0
FNH:0
DA:1,0
DA:4,0
DA:6,0
DA:9,0
DA:12,0
DA:15,0
DA:18,0
LF:7
LH:0
BRF:0
BRH:0
end_of_record
TN:
SF:src\blockchain\stellar\soroban-contract.service.ts
FN:6,(anonymous_2)
FN:8,(anonymous_3)
FNF:2
FNH:0
FNDA:0,(anonymous_2)
FNDA:0,(anonymous_3)
DA:1,0
DA:2,0
DA:5,0
DA:6,0
DA:11,0
DA:12,0
LF:6
LH:0
BRF:0
BRH:0
end_of_record
TN:
SF:src\blockchain\stellar\stellar-service.ts
FN:9,(anonymous_2)
FN:19,(anonymous_3)
FN:23,(anonymous_4)
FNF:3
FNH:0
FNDA:0,(anonymous_2)
FNDA:0,(anonymous_3)
FNDA:0,(anonymous_4)
DA:1,0
DA:2,0
DA:5,0
DA:10,0
DA:11,0
DA:12,0
DA:15,0
DA:16,0
DA:20,0
DA:24,0
DA:25,0
LF:11
LH:0
BRDA:11,0,0,0
BRF:1
BRH:0
end_of_record
TN:
SF:src\cache\cache.module.ts
FN:16,(anonymous_1)
FNF:1
FNH:0
FNDA:0,(anonymous_1)
DA:1,0
DA:2,0
DA:3,0
DA:4,0
DA:5,0
DA:6,0
DA:7,0
DA:8,0
DA:9,0
DA:16,0
DA:34,0
LF:11
LH:0
BRDA:18,0,0,0
BRDA:18,0,1,0
BRF:2
BRH:0
end_of_record
TN:
SF:src\cache\config\cache.config.ts
FN:45,(anonymous_0)
FNF:1
FNH:0
FNDA:0,(anonymous_0)
DA:1,0
DA:43,0
DA:45,0
LF:3
LH:0
BRDA:47,0,0,0
BRDA:47,0,1,0
BRDA:48,1,0,0
BRDA:48,1,1,0
BRDA:49,2,0,0
BRDA:49,2,1,0
BRDA:50,3,0,0
BRDA:50,3,1,0
BRDA:51,4,0,0
BRDA:51,4,1,0
BRDA:56,5,0,0
BRDA:56,5,1,0
BRDA:57,6,0,0
BRDA:57,6,1,0
BRDA:61,7,0,0
BRDA:61,7,1,0
BRDA:66,8,0,0
BRDA:66,8,1,0
BRDA:68,9,0,0
BRDA:68,9,1,0
BRDA:69,10,0,0
BRDA:69,10,1,0
BRDA:70,11,0,0
BRDA:70,11,1,0
BRDA:75,12,0,0
BRDA:75,12,1,0
BRDA:76,13,0,0
BRDA:76,13,1,0
BRDA:80,14,0,0
BRDA:80,14,1,0
BRDA:81,15,0,0
BRDA:81,15,1,0
BRF:32
BRH:0
end_of_record
TN:
SF:src\cache\decorators\cacheable.decorator.ts
FN:11,Cacheable
FN:15,CacheEvict
FN:19,CachePut
FNF:3
FNH:0
FNDA:0,Cacheable
FNDA:0,CacheEvict
FNDA:0,CachePut
DA:1,0
DA:4,0
DA:11,0
DA:12,0
DA:15,0
DA:16,0
DA:19,0
DA:20,0
LF:8
LH:0
BRDA:11,0,0,0
BRDA:15,1,0,0
BRDA:19,2,0,0
BRF:3
BRH:0
end_of_record
TN:
SF:src\cache\examples\user.service.ts
FN:15,(anonymous_2)
FN:25,(anonymous_3)
FN:43,(anonymous_4)
FN:57,(anonymous_5)
FN:67,(anonymous_6)
FN:75,(anonymous_7)
FN:83,(anonymous_8)
FN:21,(anonymous_9)
FN:23,(anonymous_10)
FN:39,(anonymous_11)
FN:41,(anonymous_12)
FN:54,(anonymous_13)
FN:55,(anonymous_14)
FNF:13
FNH:0
FNDA:0,(anonymous_2)
FNDA:0,(anonymous_3)
FNDA:0,(anonymous_4)
FNDA:0,(anonymous_5)
FNDA:0,(anonymous_6)
FNDA:0,(anonymous_7)
FNDA:0,(anonymous_8)
FNDA:0,(anonymous_9)
FNDA:0,(anonymous_10)
FNDA:0,(anonymous_11)
FNDA:0,(anonymous_12)
FNDA:0,(anonymous_13)
FNDA:0,(anonymous_14)
DA:1,0
DA:2,0
DA:14,0
DA:16,0
DA:17,0
DA:21,0
DA:23,0
DA:25,0
DA:27,0
DA:30,0
DA:39,0
DA:41,0
DA:43,0
DA:44,0
DA:46,0
DA:54,0
DA:55,0
DA:57,0
DA:58,0
DA:61,0
DA:64,0
DA:68,0
DA:71,0
DA:76,0
DA:84,0
LF:25
LH:0
BRF:0
BRH:0
end_of_record
TN:
SF:src\cache\interceptors\cache.interceptor.ts
FN:10,(anonymous_2)
FN:15,(anonymous_3)
FN:42,(anonymous_4)
FN:50,(anonymous_5)
FN:67,(anonymous_6)
FNF:5
FNH:0
FNDA:0,(anonymous_2)
FNDA:0,(anonymous_3)
FNDA:0,(anonymous_4)
FNDA:0,(anonymous_5)
FNDA:0,(anonymous_6)
DA:1,0
DA:3,0
DA:4,0
DA:6,0
DA:9,0
DA:11,0
DA:12,0
DA:16,0
DA:18,0
DA:19,0
DA:22,0
DA:23,0
DA:26,0
DA:29,0
DA:30,0
DA:34,0
DA:36,0
DA:37,0
DA:41,0
DA:43,0
DA:44,0
DA:51,0
DA:52,0
DA:55,0
DA:56,0
DA:60,0
DA:61,0
DA:62,0
DA:64,0
DA:68,0
LF:30
LH:0
BRDA:18,0,0,0
BRDA:29,1,0,0
BRDA:29,2,0,0
BRDA:29,2,1,0
BRDA:36,3,0,0
BRDA:43,4,0,0
BRDA:43,5,0,0
BRDA:43,5,1,0
BRDA:51,6,0,0
BRDA:55,7,0,0
BRDA:61,8,0,0
BRDA:61,8,1,0
BRF:12
BRH:0
end_of_record
TN:
SF:src\cache\services\cache-backup.service.ts
FN:13,(anonymous_12)
FN:18,(anonymous_13)
FN:60,(anonymous_14)
FN:104,(anonymous_15)
FN:108,(anonymous_16)
FN:118,(anonymous_17)
FN:125,(anonymous_18)
FN:133,(anonymous_19)
FNF:8
FNH:0
FNDA:0,(anonymous_12)
FNDA:0,(anonymous_13)
FNDA:0,(anonymous_14)
FNDA:0,(anonymous_15)
FNDA:0,(anonymous_16)
FNDA:0,(anonymous_17)
FNDA:0,(anonymous_18)
FNDA:0,(anonymous_19)
DA:1,0
DA:2,0
DA:3,0
DA:4,0
DA:5,0
DA:8,0
DA:9,0
DA:10,0
DA:14,0
DA:15,0
DA:19,0
DA:20,0
DA:21,0
DA:24,0
DA:25,0
DA:28,0
DA:29,0
DA:31,0
DA:33,0
DA:34,0
DA:36,0
DA:37,0
DA:39,0
DA:40,0
DA:42,0
DA:43,0
DA:45,0
DA:46,0
DA:50,0
DA:51,0
DA:53,0
DA:55,0
DA:56,0
DA:61,0
DA:62,0
DA:63,0
DA:65,0
DA:67,0
DA:68,0
DA:70,0
DA:71,0
DA:73,0
DA:74,0
DA:76,0
DA:77,0
DA:78,0
DA:80,0
DA:82,0
DA:83,0
DA:84,0
DA:86,0
DA:88,0
DA:89,0
DA:90,0
DA:92,0
DA:96,0
DA:97,0
DA:99,0
DA:100,0
DA:105,0
DA:106,0
DA:107,0
DA:108,0
DA:112,0
DA:113,0
DA:118,0
DA:119,0
DA:120,0
DA:121,0
DA:126,0
DA:127,0
DA:129,0
DA:134,0
DA:135,0
DA:136,0
DA:138,0
DA:139,0
DA:141,0
DA:142,0
DA:143,0
DA:147,0
LF:81
LH:0
BRDA:10,0,0,0
BRDA:10,0,1,0
BRDA:31,1,0,0
BRDA:31,1,1,0
BRDA:31,1,2,0
BRDA:31,1,3,0
BRDA:31,1,4,0
BRDA:68,2,0,0
BRDA:68,2,1,0
BRDA:68,2,2,0
BRDA:68,2,3,0
BRDA:68,2,4,0
BRDA:77,3,0,0
BRDA:83,4,0,0
BRDA:89,5,0,0
BRDA:108,6,0,0
BRDA:108,6,1,0
BRDA:119,7,0,0
BRDA:136,8,0,0
BRDA:136,8,1,0
BRDA:138,9,0,0
BRF:21
BRH:0
end_of_record
TN:
SF:src\cache\services\cache-monitoring.service.ts
FN:6,(anonymous_2)
FN:18,(anonymous_3)
FN:23,(anonymous_4)
FN:28,(anonymous_5)
FN:33,(anonymous_6)
FN:38,(anonymous_7)
FN:42,(anonymous_8)
FN:46,(anonymous_9)
FN:51,(anonymous_10)
FN:57,(anonymous_11)
FN:72,(anonymous_12)
FN:84,(anonymous_13)
FN:92,(anonymous_14)
FN:95,(anonymous_15)
FNF:14
FNH:0
FNDA:0,(anonymous_2)
FNDA:0,(anonymous_3)
FNDA:0,(anonymous_4)
FNDA:0,(anonymous_5)
FNDA:0,(anonymous_6)
FNDA:0,(anonymous_7)
FNDA:0,(anonymous_8)
FNDA:0,(anonymous_9)
FNDA:0,(anonymous_10)
FNDA:0,(anonymous_11)
FNDA:0,(anonymous_12)
FNDA:0,(anonymous_13)
FNDA:0,(anonymous_14)
FNDA:0,(anonymous_15)
DA:1,0
DA:2,0
DA:6,0
DA:7,0
DA:8,0
DA:16,0
DA:19,0
DA:20,0
DA:24,0
DA:25,0
DA:29,0
DA:30,0
DA:34,0
DA:35,0
DA:39,0
DA:43,0
DA:47,0
DA:48,0
DA:52,0
DA:53,0
DA:57,0
DA:58,0
DA:59,0
DA:61,0
DA:68,0
DA:72,0
DA:73,0
DA:81,0
DA:85,0
DA:88,0
DA:89,0
DA:92,0
DA:96,0
DA:97,0
DA:100,0
DA:101,0
DA:104,0
DA:105,0
LF:38
LH:0
BRDA:48,0,0,0
BRDA:48,0,1,0
BRDA:53,1,0,0
BRDA:53,1,1,0
BRDA:88,2,0,0
BRDA:96,3,0,0
BRDA:100,4,0,0
BRDA:104,5,0,0
BRF:8
BRH:0
end_of_record
TN:
SF:src\cache\services\cache-warming.service.ts
FN:15,(anonymous_2)
FN:17,(anonymous_3)
FN:21,(anonymous_4)
FN:26,(anonymous_5)
FN:53,(anonymous_6)
FN:57,(anonymous_7)
FN:61,(anonymous_8)
FN:71,(anonymous_9)
FN:81,(anonymous_10)
FNF:9
FNH:0
FNDA:0,(anonymous_2)
FNDA:0,(anonymous_3)
FNDA:0,(anonymous_4)
FNDA:0,(anonymous_5)
FNDA:0,(anonymous_6)
FNDA:0,(anonymous_7)
FNDA:0,(anonymous_8)
FNDA:0,(anonymous_9)
FNDA:0,(anonymous_10)
DA:1,0
DA:2,0
DA:11,0
DA:12,0
DA:13,0
DA:15,0
DA:18,0
DA:22,0
DA:23,0
DA:27,0
DA:28,0
DA:29,0
DA:30,0
DA:31,0
DA:32,0
DA:34,0
DA:38,0
DA:39,0
DA:40,0
DA:41,0
DA:43,0
DA:48,0
DA:53,0
DA:54,0
DA:59,0
DA:64,0
DA:69,0
DA:74,0
DA:79,0
DA:84,0
LF:30
LH:0
BRDA:28,0,0,0
BRDA:28,0,1,0
BRDA:30,1,0,0
BRDA:30,1,1,0
BRF:4
BRH:0
end_of_record
TN:
SF:src\cache\services\cache.service.ts
FN:31,(anonymous_4)
FN:49,(anonymous_5)
FN:88,(anonymous_6)
FN:122,(anonymous_7)
FN:146,(anonymous_8)
FN:154,(anonymous_9)
FN:170,(anonymous_10)
FN:191,(anonymous_11)
FN:213,(anonymous_12)
FN:223,(anonymous_13)
FN:227,(anonymous_14)
FN:231,(anonymous_15)
FN:235,(anonymous_16)
FN:243,(anonymous_17)
FN:254,(anonymous_18)
FN:259,(anonymous_19)
FN:264,(anonymous_20)
FN:265,(anonymous_21)
FN:269,(anonymous_22)
FN:274,(anonymous_23)
FNF:20
FNH:0
FNDA:0,(anonymous_4)
FNDA:0,(anonymous_5)
FNDA:0,(anonymous_6)
FNDA:0,(anonymous_7)
FNDA:0,(anonymous_8)
FNDA:0,(anonymous_9)
FNDA:0,(anonymous_10)
FNDA:0,(anonymous_11)
FNDA:0,(anonymous_12)
FNDA:0,(anonymous_13)
FNDA:0,(anonymous_14)
FNDA:0,(anonymous_15)
FNDA:0,(anonymous_16)
FNDA:0,(anonymous_17)
FNDA:0,(anonymous_18)
FNDA:0,(anonymous_19)
FNDA:0,(anonymous_20)
FNDA:0,(anonymous_21)
FNDA:0,(anonymous_22)
FNDA:0,(anonymous_23)
DA:1,0
DA:4,0
DA:5,0
DA:25,0
DA:26,0
DA:32,0
DA:34,0
DA:35,0
DA:37,0
DA:38,0
DA:41,0
DA:46,0
DA:50,0
DA:51,0
DA:53,0
DA:55,0
DA:56,0
DA:57,0
DA:58,0
DA:59,0
DA:64,0
DA:65,0
DA:66,0
DA:67,0
DA:70,0
DA:71,0
DA:74,0
DA:75,0
DA:79,0
DA:80,0
DA:82,0
DA:83,0
DA:84,0
DA:89,0
DA:90,0
DA:91,0
DA:93,0
DA:94,0
DA:97,0
DA:98,0
DA:102,0
DA:103,0
DA:106,0
DA:107,0
DA:108,0
DA:109,0
DA:114,0
DA:116,0
DA:117,0
DA:118,0
DA:123,0
DA:124,0
DA:126,0
DA:128,0
DA:129,0
DA:133,0
DA:134,0
DA:135,0
DA:138,0
DA:140,0
DA:141,0
DA:142,0
DA:147,0
DA:148,0
DA:149,0
DA:151,0
DA:153,0
DA:154,0
DA:158,0
DA:159,0
DA:160,0
DA:164,0
DA:165,0
DA:166,0
DA:171,0
DA:173,0
DA:174,0
DA:178,0
DA:179,0
DA:180,0
DA:181,0
DA:185,0
DA:186,0
DA:187,0
DA:192,0
DA:194,0
DA:196,0
DA:197,0
DA:201,0
DA:202,0
DA:203,0
DA:206,0
DA:208,0
DA:209,0
DA:214,0
DA:215,0
DA:216,0
DA:218,0
DA:219,0
DA:224,0
DA:228,0
DA:232,0
DA:236,0
DA:237,0
DA:239,0
DA:244,0
DA:246,0
DA:247,0
DA:248,0
DA:251,0
DA:255,0
DA:257,0
DA:258,0
DA:259,0
DA:260,0
DA:265,0
DA:266,0
DA:269,0
DA:270,0
DA:271,0
DA:274,0
DA:275,0
LF:122
LH:0
BRDA:49,0,0,0
BRDA:55,1,0,0
BRDA:55,2,0,0
BRDA:55,2,1,0
BRDA:55,2,2,0
BRDA:55,2,3,0
BRDA:57,3,0,0
BRDA:64,4,0,0
BRDA:64,5,0,0
BRDA:64,5,1,0
BRDA:64,5,2,0
BRDA:64,5,3,0
BRDA:66,6,0,0
BRDA:70,7,0,0
BRDA:88,8,0,0
BRDA:91,9,0,0
BRDA:91,9,1,0
BRDA:97,10,0,0
BRDA:97,11,0,0
BRDA:97,11,1,0
BRDA:97,11,2,0
BRDA:97,11,3,0
BRDA:102,12,0,0
BRDA:102,13,0,0
BRDA:102,13,1,0
BRDA:102,13,2,0
BRDA:102,13,3,0
BRDA:106,14,0,0
BRDA:107,15,0,0
BRDA:107,15,1,0
BRDA:108,16,0,0
BRDA:128,17,0,0
BRDA:133,18,0,0
BRDA:151,19,0,0
BRDA:153,20,0,0
BRDA:158,21,0,0
BRDA:173,22,0,0
BRDA:178,23,0,0
BRDA:180,24,0,0
BRDA:196,25,0,0
BRDA:196,26,0,0
BRDA:196,26,1,0
BRDA:201,27,0,0
BRDA:213,28,0,0
BRDA:257,29,0,0
BRF:45
BRH:0
end_of_record
TN:
SF:src\cache\strategies\invalidation.service.ts
FN:15,(anonymous_2)
FN:17,(anonymous_3)
FN:22,(anonymous_4)
FN:57,(anonymous_5)
FN:79,(anonymous_6)
FN:84,(anonymous_7)
FNF:6
FNH:0
FNDA:0,(anonymous_2)
FNDA:0,(anonymous_3)
FNDA:0,(anonymous_4)
FNDA:0,(anonymous_5)
FNDA:0,(anonymous_6)
FNDA:0,(anonymous_7)
DA:1,0
DA:11,0
DA:12,0
DA:13,0
DA:15,0
DA:18,0
DA:19,0
DA:23,0
DA:24,0
DA:25,0
DA:26,0
DA:29,0
DA:30,0
DA:31,0
DA:32,0
DA:36,0
DA:37,0
DA:38,0
DA:39,0
DA:44,0
DA:45,0
DA:46,0
DA:50,0
DA:52,0
DA:53,0
DA:58,0
DA:59,0
DA:60,0
DA:62,0
DA:63,0
DA:67,0
DA:68,0
DA:69,0
DA:72,0
DA:74,0
DA:75,0
DA:80,0
DA:81,0
DA:85,0
DA:86,0
DA:87,0
DA:89,0
DA:90,0
LF:43
LH:0
BRDA:24,0,0,0
BRDA:30,1,0,0
BRDA:30,2,0,0
BRDA:30,2,1,0
BRDA:36,3,0,0
BRDA:39,4,0,0
BRDA:39,4,1,0
BRDA:44,5,0,0
BRDA:59,6,0,0
BRDA:59,6,1,0
BRDA:63,7,0,0
BRDA:63,7,1,0
BRDA:68,8,0,0
BRDA:72,9,0,0
BRDA:72,9,1,0
BRF:15
BRH:0
end_of_record
TN:
SF:src\cache\types\cache.types.ts
FN:37,(anonymous_0)
FNF:1
FNH:0
FNDA:0,(anonymous_0)
DA:37,0
DA:38,0
DA:39,0
DA:40,0
DA:41,0
DA:42,0
DA:43,0
LF:7
LH:0
BRDA:37,0,0,0
BRDA:37,0,1,0
BRF:2
BRH:0
end_of_record
TN:
SF:src\collections\collections.controller.ts
FN:6,(anonymous_4)
FN:9,(anonymous_5)
FN:14,(anonymous_6)
FN:19,(anonymous_7)
FN:24,(anonymous_8)
FN:29,(anonymous_9)
FN:34,(anonymous_10)
FNF:7
FNH:0
FNDA:0,(anonymous_4)
FNDA:0,(anonymous_5)
FNDA:0,(anonymous_6)
FNDA:0,(anonymous_7)
FNDA:0,(anonymous_8)
FNDA:0,(anonymous_9)
FNDA:0,(anonymous_10)
DA:1,0
DA:2,0
DA:5,0
DA:6,0
DA:9,0
DA:10,0
DA:14,0
DA:15,0
DA:19,0
DA:20,0
DA:24,0
DA:25,0
DA:29,0
DA:30,0
DA:34,0
DA:35,0
LF:16
LH:0
BRDA:15,0,0,0
BRDA:15,0,1,0
BRDA:25,1,0,0
BRDA:25,1,1,0
BRDA:25,2,0,0
BRDA:25,2,1,0
BRDA:30,3,0,0
BRDA:30,3,1,0
BRDA:30,4,0,0
BRDA:30,4,1,0
BRDA:30,5,0,0
BRDA:30,5,1,0
BRF:12
BRH:0
end_of_record
TN:
SF:src\collections\collections.module.ts
FNF:0
FNH:0
DA:1,0
DA:2,0
DA:3,0
DA:4,0
DA:5,0
DA:6,0
DA:7,0
DA:8,0
DA:9,0
DA:10,0
DA:26,0
LF:11
LH:0
BRF:0
BRH:0
end_of_record
TN:
SF:src\collections\collections.service.ts
FN:13,(anonymous_4)
FN:28,(anonymous_5)
FN:40,(anonymous_6)
FN:50,(anonymous_7)
FN:54,(anonymous_8)
FN:58,(anonymous_9)
FN:63,(anonymous_10)
FN:76,(anonymous_11)
FN:87,(anonymous_12)
FN:157,(anonymous_13)
FN:161,(anonymous_14)
FN:171,(anonymous_15)
FN:175,(anonymous_16)
FNF:13
FNH:0
FNDA:0,(anonymous_4)
FNDA:0,(anonymous_5)
FNDA:0,(anonymous_6)
FNDA:0,(anonymous_7)
FNDA:0,(anonymous_8)
FNDA:0,(anonymous_9)
FNDA:0,(anonymous_10)
FNDA:0,(anonymous_11)
FNDA:0,(anonymous_12)
FNDA:0,(anonymous_13)
FNDA:0,(anonymous_14)
FNDA:0,(anonymous_15)
FNDA:0,(anonymous_16)
DA:1,0
DA:2,0
DA:3,0
DA:4,0
DA:5,0
DA:6,0
DA:7,0
DA:8,0
DA:9,0
DA:12,0
DA:15,0
DA:17,0
DA:19,0
DA:21,0
DA:23,0
DA:24,0
DA:25,0
DA:29,0
DA:30,0
DA:31,0
DA:32,0
DA:36,0
DA:37,0
DA:41,0
DA:42,0
DA:43,0
DA:44,0
DA:46,0
DA:47,0
DA:51,0
DA:55,0
DA:59,0
DA:64,0
DA:65,0
DA:67,0
DA:68,0
DA:71,0
DA:72,0
DA:76,0
DA:81,0
DA:88,0
DA:89,0
DA:90,0
DA:91,0
DA:93,0
DA:94,0
DA:100,0
DA:102,0
DA:103,0
DA:105,0
DA:106,0
DA:107,0
DA:108,0
DA:117,0
DA:118,0
DA:119,0
DA:123,0
DA:125,0
DA:129,0
DA:130,0
DA:131,0
DA:133,0
DA:134,0
DA:135,0
DA:138,0
DA:141,0
DA:142,0
DA:143,0
DA:144,0
DA:148,0
DA:150,0
DA:151,0
DA:153,0
DA:158,0
DA:162,0
DA:163,0
DA:164,0
DA:165,0
DA:166,0
DA:167,0
DA:168,0
DA:172,0
DA:176,0
DA:177,0
DA:178,0
DA:179,0
LF:86
LH:0
BRDA:29,0,0,0
BRDA:29,1,0,0
BRDA:29,1,1,0
BRDA:30,2,0,0
BRDA:32,3,0,0
BRDA:41,4,0,0
BRDA:41,5,0,0
BRDA:41,5,1,0
BRDA:42,6,0,0
BRDA:44,7,0,0
BRDA:58,8,0,0
BRDA:58,9,0,0
BRDA:63,10,0,0
BRDA:65,11,0,0
BRDA:107,12,0,0
BRDA:107,12,1,0
BRDA:118,13,0,0
BRDA:129,14,0,0
BRDA:129,14,1,0
BRDA:131,15,0,0
BRDA:131,15,1,0
BRDA:133,16,0,0
BRDA:133,17,0,0
BRDA:133,17,1,0
BRDA:133,17,2,0
BRDA:141,18,0,0
BRDA:141,19,0,0
BRDA:141,19,1,0
BRDA:157,20,0,0
BRDA:157,21,0,0
BRDA:161,22,0,0
BRDA:161,23,0,0
BRDA:163,24,0,0
BRDA:164,25,0,0
BRDA:165,26,0,0
BRDA:166,27,0,0
BRDA:171,28,0,0
BRDA:171,29,0,0
BRDA:177,30,0,0
BRF:39
BRH:0
end_of_record
TN:
SF:src\collections\reward.service.ts
FN:8,(anonymous_2)
FN:10,(anonymous_3)
FNF:2
FNH:0
FNDA:0,(anonymous_2)
FNDA:0,(anonymous_3)
DA:1,0
DA:2,0
DA:6,0
DA:7,0
DA:8,0
DA:17,0
DA:21,0
DA:25,0
DA:30,0
LF:9
LH:0
BRF:0
BRH:0
end_of_record
TN:
SF:src\collections\entities\category.entity.ts
FNF:0
FNH:0
DA:1,0
DA:4,0
DA:6,0
DA:9,0
DA:13,0
LF:5
LH:0
BRF:0
BRH:0
end_of_record
TN:
SF:src\collections\entities\collection.entity.ts
FN:18,(anonymous_2)
FN:35,(anonymous_3)
FNF:2
FNH:0
FNDA:0,(anonymous_2)
FNDA:0,(anonymous_3)
DA:1,0
DA:2,0
DA:5,0
DA:7,0
DA:10,0
DA:13,0
DA:16,0
DA:18,0
DA:20,0
DA:23,0
DA:27,0
DA:30,0
DA:33,0
DA:35,0
DA:36,0
LF:15
LH:0
BRF:0
BRH:0
end_of_record
TN:
SF:src\collections\entities\puzzle-collection.entity.ts
FNF:0
FNH:0
DA:1,0
DA:4,0
DA:6,0
DA:9,0
DA:13,0
LF:5
LH:0
BRF:0
BRH:0
end_of_record
TN:
SF:src\collections\entities\user-collection-progress.entity.ts
FNF:0
FNH:0
DA:1,0
DA:4,0
DA:6,0
DA:9,0
DA:13,0
DA:16,0
DA:19,0
DA:22,0
DA:25,0
DA:28,0
LF:10
LH:0
BRF:0
BRH:0
end_of_record
TN:
SF:src\collections\entities\user-puzzle-completion.entity.ts
FN:11,(anonymous_2)
FNF:1
FNH:0
FNDA:0,(anonymous_2)
DA:1,0
DA:4,0
DA:6,0
DA:9,0
DA:11,0
DA:12,0
LF:6
LH:0
BRF:0
BRH:0
end_of_record
TN:
SF:src\common\exceptions\custom-exceptions.ts
FN:4,(anonymous_0)
FN:17,(anonymous_1)
FN:29,(anonymous_2)
FN:41,(anonymous_3)
FNF:4
FNH:0
FNDA:0,(anonymous_0)
FNDA:0,(anonymous_1)
FNDA:0,(anonymous_2)
FNDA:0,(anonymous_3)
DA:1,0
DA:3,0
DA:5,0
DA:16,0
DA:18,0
DA:28,0
DA:30,0
DA:40,0
DA:42,0
LF:9
LH:0
BRDA:4,0,0,0
BRDA:17,1,0,0
BRDA:29,2,0,0
BRDA:41,3,0,0
BRF:4
BRH:0
end_of_record
TN:
SF:src\common\exceptions\http-exception.filter.ts
FN:13,(anonymous_10)
FNF:1
FNH:0
FNDA:0,(anonymous_10)
DA:1,0
DA:9,0
DA:12,0
DA:14,0
DA:15,0
DA:16,0
DA:18,0
DA:19,0
DA:20,0
DA:21,0
DA:23,0
DA:24,0
DA:25,0
DA:26,0
DA:27,0
DA:28,0
DA:29,0
DA:30,0
DA:31,0
DA:32,0
DA:33,0
DA:36,0
DA:37,0
DA:39,0
DA:40,0
DA:42,0
DA:46,0
DA:47,0
DA:48,0
DA:49,0
DA:50,0
DA:51,0
DA:52,0
DA:53,0
DA:54,0
DA:55,0
DA:56,0
DA:57,0
DA:60,0
LF:39
LH:0
BRDA:23,0,0,0
BRDA:23,0,1,0
BRDA:27,1,0,0
BRDA:27,1,1,0
BRDA:29,2,0,0
BRDA:29,3,0,0
BRDA:29,3,1,0
BRDA:31,4,0,0
BRDA:31,4,1,0
BRDA:32,5,0,0
BRDA:32,5,1,0
BRDA:36,6,0,0
BRDA:39,7,0,0
BRDA:46,8,0,0
BRDA:46,8,1,0
BRDA:49,9,0,0
BRDA:49,9,1,0
BRDA:52,10,0,0
BRDA:52,10,1,0
BRDA:55,11,0,0
BRF:20
BRH:0
end_of_record
TN:
SF:src\common\exceptions\validation-exception.pipe.ts
FN:4,formatErrors
FN:5,(anonymous_3)
FN:16,(anonymous_4)
FN:22,(anonymous_5)
FNF:4
FNH:0
FNDA:0,formatErrors
FNDA:0,(anonymous_3)
FNDA:0,(anonymous_4)
FNDA:0,(anonymous_5)
DA:1,0
DA:2,0
DA:5,0
DA:6,0
DA:15,0
DA:17,0
DA:23,0
LF:7
LH:0
BRDA:9,0,0,0
BRDA:9,0,1,0
BRDA:9,1,0,0
BRDA:9,1,1,0
BRF:4
BRH:0
end_of_record
TN:
SF:src\common\i18n\translations.controller.ts
FN:20,(anonymous_4)
FN:29,(anonymous_5)
FN:45,(anonymous_6)
FN:55,(anonymous_7)
FNF:4
FNH:0
FNDA:0,(anonymous_4)
FNDA:0,(anonymous_5)
FNDA:0,(anonymous_6)
FNDA:0,(anonymous_7)
DA:1,0
DA:12,0
DA:13,0
DA:14,0
DA:15,0
DA:19,0
DA:22,0
DA:29,0
DA:30,0
DA:34,0
DA:35,0
DA:36,0
DA:39,0
DA:40,0
DA:45,0
DA:46,0
DA:47,0
DA:48,0
DA:50,0
DA:55,0
DA:56,0
DA:57,0
DA:59,0
LF:23
LH:0
BRDA:34,0,0,0
BRDA:47,1,0,0
BRDA:48,2,0,0
BRDA:57,3,0,0
BRF:4
BRH:0
end_of_record
TN:
SF:src\common\i18n\entities\translation.entity.ts
FNF:0
FNH:0
DA:1,0
DA:13,0
DA:15,0
DA:19,0
DA:23,0
DA:26,0
DA:30,0
DA:33,0
DA:36,0
LF:9
LH:0
BRF:0
BRH:0
end_of_record
TN:
SF:src\common\interceptors\sanitize.interceptor.ts
FN:6,sanitizeObject
FN:23,(anonymous_3)
FN:34,(anonymous_4)
FNF:3
FNH:0
FNDA:0,sanitizeObject
FNDA:0,(anonymous_3)
FNDA:0,(anonymous_4)
DA:1,0
DA:3,0
DA:4,0
DA:7,0
DA:8,0
DA:9,0
DA:10,0
DA:11,0
DA:12,0
DA:13,0
DA:14,0
DA:16,0
DA:18,0
DA:22,0
DA:24,0
DA:25,0
DA:26,0
DA:28,0
DA:29,0
DA:31,0
DA:32,0
DA:34,0
LF:22
LH:0
BRDA:7,0,0,0
BRDA:7,0,1,0
BRDA:9,1,0,0
BRDA:9,1,1,0
BRDA:11,2,0,0
BRDA:11,3,0,0
BRDA:11,3,1,0
BRDA:25,4,0,0
BRDA:28,5,0,0
BRDA:31,6,0,0
BRF:10
BRH:0
end_of_record
TN:
SF:src\config\app-database-source.ts
FN:7,(anonymous_0)
FNF:1
FNH:0
FNDA:0,(anonymous_0)
DA:1,0
DA:2,0
DA:5,0
DA:7,0
DA:8,0
DA:9,0
DA:10,0
DA:12,0
DA:16,0
LF:9
LH:0
BRDA:8,0,0,0
BRF:1
BRH:0
end_of_record
TN:
SF:src\config\app.config.ts
FN:3,(anonymous_0)
FNF:1
FNH:0
FNDA:0,(anonymous_0)
DA:1,0
DA:3,0
LF:2
LH:0
BRDA:5,0,0,0
BRDA:5,0,1,0
BRDA:6,1,0,0
BRDA:6,1,1,0
BRDA:7,2,0,0
BRDA:7,2,1,0
BRDA:9,3,0,0
BRDA:9,3,1,0
BRDA:13,4,0,0
BRDA:13,4,1,0
BRDA:14,5,0,0
BRDA:14,5,1,0
BRF:12
BRH:0
end_of_record
TN:
SF:src\config\database-service.ts
FN:27,(anonymous_0)
FN:31,(anonymous_1)
FN:38,(anonymous_2)
FN:46,(anonymous_3)
FN:70,(anonymous_4)
FN:82,(anonymous_5)
FN:94,(anonymous_6)
FN:137,(anonymous_7)
FN:167,(anonymous_8)
FN:171,(anonymous_9)
FN:172,(anonymous_10)
FN:177,(anonymous_11)
FN:206,(anonymous_12)
FN:211,(anonymous_13)
FN:224,(anonymous_14)
FNF:15
FNH:4
FNDA:1,(anonymous_0)
FNDA:1,(anonymous_1)
FNDA:1,(anonymous_2)
FNDA:0,(anonymous_3)
FNDA:0,(anonymous_4)
FNDA:0,(anonymous_5)
FNDA:0,(anonymous_6)
FNDA:0,(anonymous_7)
FNDA:0,(anonymous_8)
FNDA:0,(anonymous_9)
FNDA:0,(anonymous_10)
FNDA:0,(anonymous_11)
FNDA:0,(anonymous_12)
FNDA:0,(anonymous_13)
FNDA:1,(anonymous_14)
DA:2,1
DA:3,1
DA:21,1
DA:23,1
DA:24,1
DA:25,1
DA:32,1
DA:33,1
DA:35,1
DA:39,1
DA:40,1
DA:41,1
DA:43,1
DA:47,0
DA:48,0
DA:49,0
DA:51,0
DA:52,0
DA:55,0
DA:58,0
DA:61,0
DA:62,0
DA:65,0
DA:66,0
DA:71,0
DA:72,0
DA:73,0
DA:74,0
DA:75,0
DA:77,0
DA:78,0
DA:83,0
DA:84,0
DA:85,0
DA:86,0
DA:87,0
DA:89,0
DA:90,0
DA:95,0
DA:97,0
DA:98,0
DA:101,0
DA:102,0
DA:105,0
DA:108,0
DA:110,0
DA:112,0
DA:114,0
DA:122,0
DA:124,0
DA:133,0
DA:140,0
DA:141,0
DA:143,0
DA:144,0
DA:146,0
DA:156,0
DA:163,0
DA:168,0
DA:172,0
DA:173,0
DA:181,0
DA:182,0
DA:183,0
DA:185,0
DA:186,0
DA:190,0
DA:192,0
DA:193,0
DA:194,0
DA:197,0
DA:199,0
DA:200,0
DA:206,0
DA:212,0
DA:213,0
DA:214,0
DA:217,0
DA:218,0
DA:219,0
DA:220,0
DA:225,1
LF:82
LH:14
BRDA:32,0,0,1
BRDA:39,1,0,1
BRDA:51,2,0,0
BRDA:61,3,0,0
BRDA:130,4,0,0
BRDA:130,4,1,0
BRDA:141,5,0,0
BRDA:141,5,1,0
BRDA:144,6,0,0
BRDA:163,7,0,0
BRDA:178,8,0,0
BRDA:179,9,0,0
BRDA:185,10,0,0
BRDA:192,11,0,0
BRDA:199,12,0,0
BRDA:212,13,0,0
BRDA:218,14,0,0
BRF:17
BRH:2
end_of_record
TN:
SF:src\config\database.config.ts
FN:26,(anonymous_9)
FN:28,(anonymous_10)
FN:35,(anonymous_11)
FN:64,(anonymous_12)
FNF:4
FNH:4
FNDA:1,(anonymous_9)
FNDA:1,(anonymous_10)
FNDA:1,(anonymous_11)
FNDA:1,(anonymous_12)
DA:3,1
DA:4,1
DA:6,1
DA:23,1
DA:29,1
DA:30,1
DA:32,1
DA:36,1
DA:38,1
DA:65,1
DA:67,1
LF:11
LH:11
BRDA:29,0,0,1
BRDA:39,1,0,1
BRDA:39,1,1,0
BRDA:40,2,0,1
BRDA:40,2,1,0
BRDA:41,3,0,0
BRDA:41,3,1,0
BRDA:42,4,0,1
BRDA:42,4,1,0
BRDA:43,5,0,1
BRDA:43,5,1,0
BRDA:44,6,0,0
BRDA:44,6,1,0
BRDA:45,7,0,1
BRDA:45,7,1,0
BRDA:46,8,0,1
BRDA:46,8,1,0
BRDA:47,9,0,0
BRDA:47,9,1,0
BRDA:48,10,0,1
BRDA:48,10,1,0
BRDA:49,11,0,1
BRDA:49,11,1,0
BRDA:50,12,0,0
BRDA:50,12,1,0
BRDA:51,13,0,1
BRDA:51,13,1,0
BRDA:52,14,0,1
BRDA:52,14,1,0
BRDA:53,15,0,0
BRDA:53,15,1,0
BRDA:54,16,0,1
BRDA:54,16,1,0
BRDA:55,17,0,1
BRDA:55,17,1,0
BRDA:56,18,0,1
BRDA:56,18,1,0
BRDA:57,19,0,1
BRDA:57,19,1,0
BRDA:58,20,0,1
BRDA:58,20,1,0
BRDA:60,21,0,1
BRDA:60,21,1,0
BRDA:78,22,0,1
BRDA:78,22,1,0
BRF:45
BRH:18
end_of_record
TN:
SF:src\config\env.validation.ts
FN:10,(anonymous_2)
FN:16,(anonymous_3)
FN:23,(anonymous_4)
FN:36,(anonymous_5)
FN:41,(anonymous_6)
FN:63,validateEnvironment
FNF:6
FNH:0
FNDA:0,(anonymous_2)
FNDA:0,(anonymous_3)
FNDA:0,(anonymous_4)
FNDA:0,(anonymous_5)
FNDA:0,(anonymous_6)
FNDA:0,validateEnvironment
DA:1,0
DA:8,0
DA:10,0
DA:11,0
DA:12,0
DA:13,0
DA:16,0
DA:19,0
DA:23,0
DA:24,0
DA:28,0
DA:32,0
DA:36,0
DA:37,0
DA:41,0
DA:42,0
DA:46,0
DA:51,0
DA:56,0
DA:60,0
DA:63,0
DA:64,0
DA:68,0
DA:72,0
DA:73,0
DA:76,0
LF:26
LH:0
BRDA:10,0,0,0
BRDA:10,0,1,0
BRDA:72,1,0,0
BRF:3
BRH:0
end_of_record
TN:
SF:src\config\jest.config.ts
FNF:0
FNH:0
DA:1,0
LF:1
LH:0
BRF:0
BRH:0
end_of_record
TN:
SF:src\config\logger.config.ts
FN:6,(anonymous_9)
FN:26,(anonymous_10)
FNF:2
FNH:0
FNDA:0,(anonymous_9)
FNDA:0,(anonymous_10)
DA:2,0
DA:4,0
DA:6,0
DA:9,0
DA:10,0
DA:12,0
DA:14,0
DA:27,0
DA:28,0
DA:29,0
LF:10
LH:0
BRDA:21,0,0,0
BRDA:21,0,1,0
BRDA:27,1,0,0
BRDA:27,1,1,0
BRDA:28,2,0,0
BRDA:28,2,1,0
BRDA:39,3,0,0
BRDA:39,3,1,0
BRF:8
BRH:0
end_of_record
TN:
SF:src\config\orm-config.ts
FN:3,mustGetEnv
FNF:1
FNH:0
FNDA:0,mustGetEnv
DA:1,0
DA:4,0
DA:5,0
DA:6,0
DA:8,0
DA:11,0
LF:6
LH:0
BRDA:5,0,0,0
BRF:1
BRH:0
end_of_record
TN:
SF:src\content\category.entity.ts
FN:12,(anonymous_2)
FN:12,(anonymous_3)
FNF:2
FNH:0
FNDA:0,(anonymous_2)
FNDA:0,(anonymous_3)
DA:1,0
DA:2,0
DA:5,0
DA:7,0
DA:10,0
DA:12,0
DA:13,0
LF:7
LH:0
BRF:0
BRH:0
end_of_record
TN:
SF:src\content\comment.entity.ts
FN:10,(anonymous_2)
FN:10,(anonymous_3)
FN:13,(anonymous_4)
FNF:3
FNH:0
FNDA:0,(anonymous_2)
FNDA:0,(anonymous_3)
FNDA:0,(anonymous_4)
DA:1,0
DA:2,0
[...]
FNDA:0,(anonymous_17)
FNDA:0,(anonymous_18)
FNDA:0,(anonymous_19)
FNDA:0,(anonymous_20)
FNDA:0,(anonymous_21)
FNDA:0,(anonymous_22)
FNDA:0,(anonymous_23)
FNDA:0,(anonymous_24)
FNDA:0,(anonymous_25)
FNDA:0,(anonymous_26)
FNDA:0,(anonymous_27)
FNDA:0,(anonymous_28)
FNDA:0,(anonymous_29)
FNDA:0,(anonymous_30)
FNDA:0,(anonymous_31)
FNDA:0,(anonymous_32)
FNDA:0,(anonymous_33)
DA:1,0
DA:2,0
DA:3,0
DA:4,0
DA:5,0
DA:6,0
DA:17,0
DA:18,0
DA:22,0
DA:24,0
DA:26,0
DA:31,0
DA:38,0
DA:39,0
DA:40,0
DA:44,0
DA:48,0
DA:49,0
DA:51,0
DA:55,0
DA:57,0
DA:58,0
DA:60,0
DA:61,0
DA:63,0
DA:64,0
DA:68,0
DA:69,0
DA:71,0
DA:72,0
DA:77,0
DA:78,0
DA:82,0
DA:83,0
DA:84,0
DA:85,0
DA:86,0
DA:90,0
DA:91,0
DA:92,0
DA:97,0
DA:105,0
DA:116,0
DA:120,0
DA:123,0
DA:129,0
DA:133,0
DA:134,0
DA:138,0
DA:140,0
DA:141,0
DA:142,0
DA:146,0
DA:147,0
DA:148,0
DA:151,0
DA:158,0
DA:160,0
DA:161,0
DA:164,0
DA:172,0
DA:173,0
DA:175,0
DA:184,0
DA:186,0
DA:195,0
DA:196,0
DA:197,0
DA:201,0
DA:208,0
DA:209,0
DA:210,0
DA:212,0
DA:216,0
DA:217,0
DA:218,0
DA:219,0
DA:220,0
DA:224,0
DA:225,0
DA:226,0
DA:230,0
DA:232,0
DA:233,0
DA:236,0
DA:237,0
DA:242,0
DA:246,0
DA:247,0
DA:248,0
DA:249,0
DA:250,0
DA:251,0
DA:253,0
DA:254,0
DA:256,0
DA:258,0
LF:97
LH:0
BRDA:33,0,0,0
BRDA:33,0,1,0
BRDA:34,1,0,0
BRDA:34,1,1,0
BRDA:35,2,0,0
BRDA:35,2,1,0
BRDA:48,3,0,0
BRDA:57,4,0,0
BRDA:60,5,0,0
BRDA:63,6,0,0
BRDA:68,7,0,0
BRDA:71,8,0,0
BRDA:133,9,0,0
BRDA:141,10,0,0
BRDA:141,11,0,0
BRDA:141,11,1,0
BRDA:160,12,0,0
BRDA:160,13,0,0
BRDA:160,13,1,0
BRDA:188,14,0,0
BRDA:188,14,1,0
BRDA:189,15,0,0
BRDA:189,15,1,0
BRDA:190,16,0,0
BRDA:190,16,1,0
BRDA:209,17,0,0
BRDA:253,18,0,0
BRDA:253,18,1,0
BRDA:256,19,0,0
BRDA:256,19,1,0
BRF:30
BRH:0
end_of_record
TN:
SF:src\user-progress\user-collection-progress.controller.ts
FN:10,(anonymous_4)
FN:14,(anonymous_5)
FN:21,(anonymous_6)
FNF:3
FNH:0
FNDA:0,(anonymous_4)
FNDA:0,(anonymous_5)
FNDA:0,(anonymous_6)
DA:1,0
DA:2,0
DA:4,0
DA:9,0
DA:10,0
DA:14,0
DA:15,0
DA:16,0
DA:21,0
DA:25,0
DA:26,0
LF:11
LH:0
BRF:0
BRH:0
end_of_record
TN:
SF:src\user-progress\user-collection-progress.service.ts
FN:11,(anonymous_4)
FN:22,(anonymous_5)
FN:32,(anonymous_6)
FN:59,(anonymous_7)
FN:91,(anonymous_8)
FN:123,(anonymous_9)
FN:143,(anonymous_10)
FN:153,(anonymous_11)
FNF:8
FNH:0
FNDA:0,(anonymous_4)
FNDA:0,(anonymous_5)
FNDA:0,(anonymous_6)
FNDA:0,(anonymous_7)
FNDA:0,(anonymous_8)
FNDA:0,(anonymous_9)
FNDA:0,(anonymous_10)
FNDA:0,(anonymous_11)
DA:1,0
DA:2,0
DA:3,0
DA:4,0
DA:5,0
DA:6,0
DA:7,0
DA:10,0
DA:13,0
DA:15,0
DA:17,0
DA:19,0
DA:24,0
DA:26,0
DA:34,0
DA:35,0
DA:37,0
DA:42,0
DA:48,0
DA:50,0
DA:60,0
DA:61,0
DA:62,0
DA:65,0
DA:66,0
DA:69,0
DA:74,0
DA:84,0
DA:93,0
DA:98,0
DA:99,0
DA:102,0
DA:104,0
DA:106,0
DA:111,0
DA:114,0
DA:116,0
DA:123,0
DA:125,0
DA:127,0
DA:130,0
DA:131,0
DA:132,0
DA:133,0
DA:136,0
DA:139,0
DA:147,0
DA:148,0
DA:154,0
DA:158,0
LF:50
LH:0
BRDA:42,0,0,0
BRDA:61,1,0,0
BRDA:98,2,0,0
BRDA:98,3,0,0
BRDA:98,3,1,0
BRDA:111,4,0,0
BRDA:125,5,0,0
BRDA:147,6,0,0
BRDA:158,7,0,0
BRDA:158,7,1,0
BRF:10
BRH:0
end_of_record
TN:
SF:src\user-progress\user-progress.module.ts
FNF:0
FNH:0
DA:1,0
DA:2,0
DA:3,0
DA:4,0
DA:5,0
DA:6,0
DA:17,0
LF:7
LH:0
BRF:0
BRH:0
end_of_record
TN:
SF:src\user-progress\constants\achievement.constants.ts
FN:6,(anonymous_0)
FN:12,(anonymous_1)
FN:18,(anonymous_2)
FNF:3
FNH:0
FNDA:0,(anonymous_0)
FNDA:0,(anonymous_1)
FNDA:0,(anonymous_2)
DA:1,0
DA:6,0
DA:12,0
DA:18,0
LF:4
LH:0
BRF:0
BRH:0
end_of_record
TN:
SF:src\user-progress\controller\user-progress.controller.ts
FN:6,(anonymous_4)
FN:9,(anonymous_5)
FN:14,(anonymous_6)
FN:22,(anonymous_7)
FNF:4
FNH:0
FNDA:0,(anonymous_4)
FNDA:0,(anonymous_5)
FNDA:0,(anonymous_6)
FNDA:0,(anonymous_7)
DA:1,0
DA:2,0
DA:5,0
DA:6,0
DA:9,0
DA:10,0
DA:14,0
DA:18,0
DA:22,0
DA:26,0
LF:10
LH:0
BRF:0
BRH:0
end_of_record
TN:
SF:src\user-progress\entities\user-achievement.entity.ts
FN:24,(anonymous_2)
FN:24,(anonymous_3)
FNF:2
FNH:0
FNDA:0,(anonymous_2)
FNDA:0,(anonymous_3)
DA:1,0
DA:2,0
DA:5,0
DA:7,0
DA:10,0
DA:13,0
DA:16,0
DA:19,0
DA:22,0
DA:24,0
DA:25,0
LF:11
LH:0
BRF:0
BRH:0
end_of_record
TN:
SF:src\user-progress\entities\user-collection-progress.entity.ts
FN:11,(anonymous_2)
FN:11,(anonymous_3)
FN:18,(anonymous_4)
FN:18,(anonymous_5)
FN:25,(anonymous_6)
FNF:5
FNH:0
FNDA:0,(anonymous_2)
FNDA:0,(anonymous_3)
FNDA:0,(anonymous_4)
FNDA:0,(anonymous_5)
FNDA:0,(anonymous_6)
DA:1,0
DA:2,0
DA:3,0
DA:4,0
DA:7,0
DA:9,0
DA:11,0
DA:13,0
DA:16,0
DA:18,0
DA:20,0
DA:23,0
DA:25,0
DA:27,0
DA:30,0
DA:33,0
LF:16
LH:0
BRF:0
BRH:0
end_of_record
TN:
SF:src\user-progress\entities\user-progress.entity.ts
FN:11,(anonymous_2)
FN:61,(anonymous_3)
FN:61,(anonymous_4)
FNF:3
FNH:0
FNDA:0,(anonymous_2)
FNDA:0,(anonymous_3)
FNDA:0,(anonymous_4)
DA:1,0
DA:2,0
DA:3,0
DA:6,0
DA:8,0
DA:11,0
DA:13,0
DA:16,0
DA:19,0
DA:22,0
DA:26,0
DA:29,0
DA:32,0
DA:35,0
DA:38,0
DA:41,0
DA:44,0
DA:48,0
DA:56,0
DA:59,0
DA:61,0
DA:62,0
LF:22
LH:0
BRF:0
BRH:0
end_of_record
TN:
SF:src\user-progress\logic\achievement-checker.ts
FN:5,checkNewAchievements
FN:9,(anonymous_1)
FNF:2
FNH:0
FNDA:0,checkNewAchievements
FNDA:0,(anonymous_1)
DA:1,0
DA:5,0
DA:9,0
DA:10,0
DA:12,0
DA:13,0
DA:14,0
DA:25,0
LF:8
LH:0
BRDA:13,0,0,0
BRDA:13,1,0,0
BRDA:13,1,1,0
BRF:3
BRH:0
end_of_record
TN:
SF:src\user-progress\milestone\milestone.constants.ts
FNF:0
FNH:0
DA:1,0
DA:8,0
LF:2
LH:0
BRF:0
BRH:0
end_of_record
TN:
SF:src\user-progress\milestone\milestone.service.ts
FN:7,(anonymous_1)
FNF:1
FNH:0
FNDA:0,(anonymous_1)
DA:1,0
DA:3,0
DA:6,0
DA:8,0
LF:4
LH:0
BRF:0
BRH:0
end_of_record
TN:
SF:src\user-progress\milestone\milestone.utils.ts
FN:4,checkMilestones
FNF:1
FNH:0
FNDA:0,checkMilestones
DA:1,0
DA:4,0
DA:5,0
DA:7,0
DA:8,0
DA:10,0
DA:11,0
DA:13,0
DA:15,0
DA:16,0
DA:18,0
DA:20,0
DA:21,0
DA:23,0
DA:25,0
DA:26,0
DA:28,0
DA:32,0
LF:18
LH:0
BRDA:8,0,0,0
BRDA:8,0,1,0
BRDA:8,0,2,0
BRDA:8,0,3,0
BRDA:10,1,0,0
BRDA:15,2,0,0
BRDA:20,3,0,0
BRDA:25,4,0,0
BRF:8
BRH:0
end_of_record
TN:
SF:src\user-progress\services\user-progress.service.ts
FN:12,(anonymous_4)
FN:20,(anonymous_5)
FN:31,(anonymous_6)
FN:42,(anonymous_7)
FNF:4
FNH:0
FNDA:0,(anonymous_4)
FNDA:0,(anonymous_5)
FNDA:0,(anonymous_6)
FNDA:0,(anonymous_7)
DA:1,0
DA:2,0
DA:3,0
DA:4,0
DA:5,0
DA:6,0
DA:7,0
DA:8,0
DA:11,0
DA:14,0
DA:16,0
DA:17,0
DA:21,0
DA:25,0
DA:26,0
DA:28,0
DA:32,0
DA:33,0
DA:34,0
DA:36,0
DA:37,0
DA:38,0
DA:39,0
DA:43,0
DA:47,0
DA:48,0
DA:51,0
DA:52,0
DA:53,0
DA:55,0
DA:58,0
DA:59,0
DA:60,0
DA:61,0
DA:65,0
DA:67,0
LF:36
LH:0
BRDA:25,0,0,0
BRDA:33,1,0,0
BRDA:47,2,0,0
BRDA:52,3,0,0
BRDA:60,4,0,0
BRF:5
BRH:0
end_of_record
TN:
SF:src\user-progress\utils\level.utils.ts
FN:1,calculateLevel
FNF:1
FNH:0
FNDA:0,calculateLevel
DA:1,0
DA:2,0
DA:3,0
DA:5,0
DA:6,0
DA:8,0
DA:9,0
DA:10,0
DA:11,0
DA:14,0
DA:16,0
LF:11
LH:0
BRF:0
BRH:0
end_of_record
TN:
SF:src\users\users.module.ts
FNF:0
FNH:0
DA:1,0
DA:2,0
DA:3,0
DA:9,0
LF:4
LH:0
BRF:0
BRH:0
end_of_record
TN:
SF:src\users\users.service.ts
FN:7,(anonymous_1)
FN:11,(anonymous_2)
FN:15,(anonymous_3)
FN:19,(anonymous_4)
FN:23,(anonymous_5)
FNF:5
FNH:0
FNDA:0,(anonymous_1)
FNDA:0,(anonymous_2)
FNDA:0,(anonymous_3)
FNDA:0,(anonymous_4)
FNDA:0,(anonymous_5)
DA:1,1
DA:6,1
DA:8,0
DA:12,0
DA:16,0
DA:20,0
DA:24,0
LF:7
LH:2
BRF:0
BRH:0
end_of_record
TN:
SF:src\users\dto\create-user.dto.ts
FNF:0
FNH:0
DA:1,0
DA:3,0
DA:6,0
DA:9,0
DA:13,0
DA:16,0
DA:19,0
LF:7
LH:0
BRF:0
BRH:0
end_of_record
TN:
SF:src\users\dto\update-user.dto.ts
FNF:0
FNH:0
DA:1,0
DA:2,0
DA:4,0
LF:3
LH:0
BRF:0
BRH:0
end_of_record
TN:
SF:src\users\entities\user-puzzle-completion.entity.ts
FN:10,(anonymous_2)
FN:10,(anonymous_3)
FN:13,(anonymous_4)
FN:13,(anonymous_5)
FNF:4
FNH:0
FNDA:0,(anonymous_2)
FNDA:0,(anonymous_3)
FNDA:0,(anonymous_4)
FNDA:0,(anonymous_5)
DA:1,22
DA:2,22
DA:3,22
DA:6,22
DA:8,22
DA:10,0
DA:11,22
DA:13,0
DA:14,22
DA:17,22
DA:20,22
LF:11
LH:9
BRF:0
BRH:0
end_of_record
TN:
SF:src\users\entities\user-stats.entity.ts
FN:208,(anonymous_2)
FNF:1
FNH:0
FNDA:0,(anonymous_2)
DA:1,0
DA:11,0
DA:15,0
DA:17,0
DA:21,0
DA:26,0
DA:30,0
DA:33,0
DA:36,0
DA:39,0
DA:42,0
DA:45,0
DA:49,0
DA:53,0
DA:56,0
DA:59,0
DA:62,0
DA:66,0
DA:99,0
DA:110,0
DA:133,0
DA:155,0
DA:180,0
DA:193,0
DA:197,0
DA:201,0
DA:205,0
DA:208,0
DA:210,0
LF:29
LH:0
BRF:0
BRH:0
end_of_record
TN:
SF:src\users\entities\user-streak.entity.ts
FN:9,(anonymous_2)
FN:9,(anonymous_3)
FNF:2
FNH:0
FNDA:0,(anonymous_2)
FNDA:0,(anonymous_3)
DA:1,22
DA:2,22
DA:5,22
DA:7,22
DA:9,0
DA:11,22
DA:14,22
DA:17,22
DA:20,22
DA:23,22
LF:10
LH:9
BRF:0
BRH:0
end_of_record
TN:
SF:src\users\entities\user.entity.ts
FN:136,(anonymous_2)
FN:136,(anonymous_3)
FN:142,(anonymous_4)
FN:142,(anonymous_5)
FN:146,(anonymous_6)
FN:146,(anonymous_7)
FN:149,(anonymous_8)
FN:149,(anonymous_9)
FN:157,(anonymous_10)
FN:157,(anonymous_11)
FNF:10
FNH:0
FNDA:0,(anonymous_2)
FNDA:0,(anonymous_3)
FNDA:0,(anonymous_4)
FNDA:0,(anonymous_5)
FNDA:0,(anonymous_6)
FNDA:0,(anonymous_7)
FNDA:0,(anonymous_8)
FNDA:0,(anonymous_9)
FNDA:0,(anonymous_10)
FNDA:0,(anonymous_11)
DA:1,22
DA:12,22
DA:13,22
DA:14,22
DA:15,22
DA:16,22
DA:21,22
DA:23,22
DA:27,22
DA:30,22
DA:33,22
DA:37,22
DA:40,22
DA:43,22
DA:46,22
DA:49,22
DA:53,22
DA:57,22
DA:61,22
DA:64,22
DA:67,22
DA:70,22
DA:73,22
DA:76,22
DA:79,22
DA:83,22
DA:108,22
DA:125,22
DA:136,0
DA:137,22
DA:140,22
DA:142,0
DA:143,22
DA:146,0
DA:147,22
DA:149,0
DA:152,22
DA:155,22
DA:157,0
DA:160,22
LF:40
LH:35
BRF:0
BRH:0
end_of_record
TN:
SF:src\validators\is-strong-password.decorator.ts
FN:3,IsStrongPassword
FN:4,(anonymous_1)
FN:11,(anonymous_2)
FN:22,(anonymous_3)
FNF:4
FNH:0
FNDA:0,IsStrongPassword
FNDA:0,(anonymous_1)
FNDA:0,(anonymous_2)
FNDA:0,(anonymous_3)
DA:1,0
DA:3,0
DA:4,0
DA:5,0
DA:13,0
DA:23,0
LF:6
LH:0
BRDA:14,0,0,0
BRDA:14,0,1,0
BRDA:14,0,2,0
BRDA:14,0,3,0
BRDA:14,0,4,0
BRDA:14,0,5,0
BRF:6
BRH:0
end_of_record
TN:
SF:src\wallet\wallet-sync.service.ts
FN:14,(anonymous_4)
FN:22,(anonymous_5)
FN:37,(anonymous_6)
FN:39,(anonymous_7)
FN:60,(anonymous_8)
FN:73,(anonymous_9)
FNF:6
FNH:0
FNDA:0,(anonymous_4)
FNDA:0,(anonymous_5)
FNDA:0,(anonymous_6)
FNDA:0,(anonymous_7)
FNDA:0,(anonymous_8)
FNDA:0,(anonymous_9)
DA:1,0
DA:2,0
DA:3,0
DA:4,0
DA:5,0
DA:6,0
DA:7,0
DA:8,0
DA:11,0
DA:12,0
DA:15,0
DA:16,0
DA:17,0
DA:19,0
DA:23,0
DA:25,0
DA:26,0
DA:28,0
DA:30,0
DA:31,0
DA:34,0
DA:38,0
DA:39,0
DA:42,0
DA:43,0
DA:45,0
DA:46,0
DA:48,0
DA:49,0
DA:61,0
DA:69,0
DA:73,0
DA:74,0
LF:33
LH:0
BRDA:30,0,0,0
BRDA:45,1,0,0
BRDA:48,2,0,0
BRDA:65,3,0,0
BRDA:65,3,1,0
BRF:5
BRH:0
end_of_record
TN:
SF:src\wallet\wallet.controller.ts
FN:25,(anonymous_4)
FN:32,(anonymous_5)
FN:55,(anonymous_6)
FN:67,(anonymous_7)
FN:75,(anonymous_8)
FN:82,(anonymous_9)
FN:91,(anonymous_10)
FN:111,(anonymous_11)
FN:118,(anonymous_12)
FNF:9
FNH:0
FNDA:0,(anonymous_4)
FNDA:0,(anonymous_5)
FNDA:0,(anonymous_6)
FNDA:0,(anonymous_7)
FNDA:0,(anonymous_8)
FNDA:0,(anonymous_9)
FNDA:0,(anonymous_10)
FNDA:0,(anonymous_11)
FNDA:0,(anonymous_12)
DA:1,0
DA:12,0
DA:13,0
DA:14,0
DA:15,0
DA:19,0
DA:20,0
DA:24,0
DA:26,0
DA:27,0
DA:32,0
DA:33,0
DA:34,0
DA:40,0
DA:41,0
DA:44,0
DA:55,0
DA:56,0
DA:57,0
DA:67,0
DA:68,0
DA:69,0
DA:75,0
DA:76,0
DA:82,0
DA:83,0
DA:91,0
DA:96,0
DA:98,0
DA:101,0
DA:111,0
DA:112,0
DA:118,0
DA:119,0
LF:34
LH:0
BRDA:33,0,0,0
BRDA:33,1,0,0
BRDA:33,1,1,0
BRDA:33,1,2,0
BRDA:33,1,3,0
BRDA:40,2,0,0
BRDA:40,3,0,0
BRDA:40,3,1,0
BRDA:96,4,0,0
BRDA:96,4,1,0
BRDA:98,5,0,0
BRDA:98,5,1,0
BRDA:98,6,0,0
BRDA:98,6,1,0
BRF:14
BRH:0
end_of_record
TN:
SF:src\wallet\wallet.module.ts
FNF:0
FNH:0
DA:1,0
DA:2,0
DA:3,0
DA:4,0
DA:5,0
DA:6,0
DA:7,0
DA:8,0
DA:9,0
DA:10,0
DA:27,0
LF:11
LH:0
BRF:0
BRH:0
end_of_record
TN:
SF:src\wallet\wallet.service.ts
FN:60,(anonymous_2)
FN:68,(anonymous_3)
FN:100,(anonymous_4)
FN:154,(anonymous_5)
FN:169,(anonymous_6)
FN:178,(anonymous_7)
FN:181,(anonymous_8)
FN:196,(anonymous_9)
FN:211,(anonymous_10)
FN:221,(anonymous_11)
FN:234,(anonymous_12)
FN:243,(anonymous_13)
FN:247,(anonymous_14)
FN:251,(anonymous_15)
FN:300,(anonymous_16)
FN:306,(anonymous_17)
FN:314,(anonymous_18)
FN:326,(anonymous_19)
FN:334,(anonymous_20)
FN:342,(anonymous_21)
FN:348,(anonymous_22)
FN:353,(anonymous_23)
FN:357,(anonymous_24)
FN:393,(anonymous_25)
FN:408,(anonymous_26)
FN:420,(anonymous_27)
FN:445,(anonymous_28)
FN:446,(anonymous_29)
FN:449,(anonymous_30)
FN:494,(anonymous_31)
FN:567,(anonymous_32)
FN:579,(anonymous_33)
FN:583,(anonymous_34)
FN:590,(anonymous_35)
FN:595,(anonymous_36)
FN:625,(anonymous_37)
FNF:36
FNH:19
FNDA:5,(anonymous_2)
FNDA:5,(anonymous_3)
FNDA:5,(anonymous_4)
FNDA:2,(anonymous_5)
FNDA:0,(anonymous_6)
FNDA:0,(anonymous_7)
FNDA:0,(anonymous_8)
FNDA:0,(anonymous_9)
FNDA:0,(anonymous_10)
FNDA:0,(anonymous_11)
FNDA:0,(anonymous_12)
FNDA:3,(anonymous_13)
FNDA:0,(anonymous_14)
FNDA:3,(anonymous_15)
FNDA:10,(anonymous_16)
FNDA:3,(anonymous_17)
FNDA:3,(anonymous_18)
FNDA:2,(anonymous_19)
FNDA:10,(anonymous_20)
FNDA:10,(anonymous_21)
FNDA:5,(anonymous_22)
FNDA:5,(anonymous_23)
FNDA:5,(anonymous_24)
FNDA:0,(anonymous_25)
FNDA:0,(anonymous_26)
FNDA:0,(anonymous_27)
FNDA:0,(anonymous_28)
FNDA:0,(anonymous_29)
FNDA:0,(anonymous_30)
FNDA:0,(anonymous_31)
FNDA:0,(anonymous_32)
FNDA:3,(anonymous_33)
FNDA:2,(anonymous_34)
FNDA:1,(anonymous_35)
FNDA:0,(anonymous_36)
FNDA:15,(anonymous_37)
DA:1,1
DA:7,1
DA:8,1
DA:14,1
DA:49,1
DA:56,5
DA:57,5
DA:58,5
DA:60,5
DA:61,5
DA:62,5
DA:63,5
DA:64,5
DA:65,5
DA:69,5
DA:70,5
DA:71,5
DA:73,5
DA:74,5
DA:75,5
DA:83,5
DA:84,5
DA:92,5
DA:106,5
DA:107,5
DA:108,5
DA:110,5
DA:111,5
DA:112,0
DA:115,5
DA:116,0
DA:119,5
DA:120,1
DA:121,1
DA:124,4
DA:125,4
DA:126,1
DA:129,3
DA:131,3
DA:132,3
DA:133,3
DA:134,3
DA:143,3
DA:145,3
DA:155,2
DA:156,2
DA:157,0
DA:160,2
DA:161,0
DA:162,0
DA:165,2
DA:166,2
DA:170,0
DA:171,0
DA:174,0
DA:175,0
DA:179,0
DA:180,0
DA:181,0
DA:182,0
DA:184,0
DA:187,0
DA:196,0
DA:197,0
DA:198,0
DA:199,0
DA:208,0
DA:212,0
DA:213,0
DA:220,0
DA:221,0
DA:233,0
DA:234,0
DA:235,0
DA:236,0
DA:237,0
DA:240,0
DA:244,3
DA:248,0
DA:256,3
DA:257,3
DA:258,2
DA:260,2
DA:261,2
DA:262,1
DA:265,1
DA:274,1
DA:275,0
DA:278,1
DA:290,1
DA:291,1
DA:292,1
DA:293,0
DA:296,1
DA:297,1
DA:301,10
DA:302,0
DA:307,3
DA:308,3
DA:310,0
DA:315,3
DA:316,3
DA:317,3
DA:318,1
DA:320,2
DA:322,1
DA:327,2
DA:328,2
DA:329,0
DA:331,2
DA:335,10
DA:336,10
DA:337,0
DA:339,10
DA:343,10
DA:344,0
DA:349,5
DA:350,5
DA:351,5
DA:353,5
DA:358,5
DA:359,5
DA:360,5
DA:363,0
DA:364,0
DA:365,0
DA:366,0
DA:369,0
DA:370,0
DA:371,0
DA:372,0
DA:375,0
DA:378,0
DA:387,0
DA:389,0
DA:394,0
DA:395,0
DA:397,0
DA:398,0
DA:401,0
DA:402,0
DA:405,0
DA:409,0
DA:410,0
DA:413,0
DA:426,0
DA:431,0
DA:432,0
DA:435,0
DA:436,0
DA:437,0
DA:438,0
DA:441,0
DA:442,0
DA:444,0
DA:445,0
DA:446,0
DA:450,0
DA:451,0
DA:453,0
DA:454,0
DA:462,0
DA:476,0
DA:477,0
DA:491,0
DA:502,0
DA:503,0
DA:504,0
DA:508,0
DA:509,0
DA:512,0
DA:513,0
DA:516,0
DA:517,0
DA:518,0
DA:521,0
DA:522,0
DA:526,0
DA:527,0
DA:530,0
DA:531,0
DA:533,0
DA:534,0
DA:535,0
DA:538,0
DA:539,0
DA:540,0
DA:541,0
DA:544,0
DA:545,0
DA:548,0
DA:549,0
DA:552,0
DA:553,0
DA:554,0
DA:555,0
DA:558,0
DA:561,0
DA:564,0
DA:568,0
DA:569,0
DA:572,0
DA:580,3
DA:588,2
DA:589,2
DA:591,1
DA:596,0
DA:597,0
DA:598,0
DA:601,0
DA:602,0
DA:609,0
DA:610,0
DA:617,0
DA:618,0
DA:619,0
DA:622,0
DA:626,15
DA:627,15
DA:628,0
DA:629,0
DA:630,0
DA:634,15
DA:635,0
DA:638,15
LF:225
LH:93
BRDA:111,0,0,0
BRDA:115,1,0,0
BRDA:115,2,0,5
BRDA:115,2,1,5
BRDA:119,3,0,1
BRDA:125,4,0,1
BRDA:156,5,0,0
BRDA:160,6,0,0
BRDA:170,7,0,0
BRDA:180,8,0,0
BRDA:180,8,1,0
BRDA:184,9,0,0
BRDA:184,9,1,0
BRDA:190,10,0,0
BRDA:190,10,1,0
BRDA:191,11,0,0
BRDA:191,11,1,0
BRDA:192,12,0,0
BRDA:192,12,1,0
BRDA:196,13,0,0
BRDA:202,14,0,0
BRDA:202,14,1,0
BRDA:203,15,0,0
BRDA:203,15,1,0
BRDA:204,16,0,0
BRDA:204,16,1,0
BRDA:211,17,0,0
BRDA:261,18,0,1
BRDA:274,19,0,0
BRDA:292,20,0,0
BRDA:301,21,0,0
BRDA:317,22,0,1
BRDA:328,23,0,0
BRDA:336,24,0,0
BRDA:343,25,0,0
BRDA:349,26,0,5
BRDA:349,26,1,5
BRDA:350,27,0,0
BRDA:350,27,1,5
BRDA:350,28,0,5
BRDA:350,28,1,0
BRDA:358,29,0,5
BRDA:358,29,1,5
BRDA:359,30,0,5
BRDA:359,31,0,5
BRDA:359,31,1,0
BRDA:365,32,0,0
BRDA:371,33,0,0
BRDA:371,34,0,0
BRDA:371,34,1,0
BRDA:375,35,0,0
BRDA:375,35,1,0
BRDA:383,36,0,0
BRDA:383,36,1,0
BRDA:397,37,0,0
BRDA:401,38,0,0
BRDA:409,39,0,0
BRDA:415,40,0,0
BRDA:415,40,1,0
BRDA:431,41,0,0
BRDA:437,42,0,0
BRDA:442,43,0,0
BRDA:442,43,1,0
BRDA:451,44,0,0
BRDA:451,44,1,0
BRDA:453,45,0,0
BRDA:453,46,0,0
BRDA:453,46,1,0
BRDA:454,47,0,0
BRDA:454,47,1,0
BRDA:466,48,0,0
BRDA:466,48,1,0
BRDA:476,49,0,0
BRDA:481,50,0,0
BRDA:481,50,1,0
BRDA:508,51,0,0
BRDA:512,52,0,0
BRDA:517,53,0,0
BRDA:526,54,0,0
BRDA:531,55,0,0
BRDA:531,55,1,0
BRDA:534,56,0,0
BRDA:534,57,0,0
BRDA:534,57,1,0
BRDA:538,58,0,0
BRDA:538,58,1,0
BRDA:540,59,0,0
BRDA:540,60,0,0
BRDA:540,60,1,0
BRDA:544,61,0,0
BRDA:544,62,0,0
BRDA:544,62,1,0
BRDA:548,63,0,0
BRDA:554,64,0,0
BRDA:568,65,0,0
BRDA:573,66,0,0
BRDA:573,66,1,0
BRDA:573,66,2,0
BRDA:580,67,0,3
BRDA:580,67,1,2
BRDA:591,68,0,1
BRDA:591,68,1,1
BRDA:596,69,0,0
BRDA:596,69,1,0
BRDA:597,70,0,0
BRDA:601,71,0,0
BRDA:603,72,0,0
BRDA:603,72,1,0
BRDA:603,72,2,0
BRDA:609,73,0,0
BRDA:611,74,0,0
BRDA:611,74,1,0
BRDA:611,74,2,0
BRDA:618,75,0,0
BRDA:626,76,0,15
BRDA:626,76,1,15
BRDA:627,77,0,0
BRDA:627,78,0,15
BRDA:627,78,1,0
BRDA:629,79,0,0
BRDA:634,80,0,0
BRF:121
BRH:21
end_of_record
TN:
SF:src\wallet\dto\connect-wallet.dto.ts
FNF:0
FNH:0
DA:1,0
DA:3,0
DA:5,0
DA:8,0
DA:12,0
DA:16,0
LF:6
LH:0
BRF:0
BRH:0
end_of_record
TN:
SF:src\wallet\dto\record-transaction.dto.ts
FNF:0
FNH:0
DA:1,0
DA:3,0
DA:5,0
DA:9,0
DA:12,0
DA:15,0
LF:6
LH:0
BRF:0
BRH:0
end_of_record
TN:
SF:src\wallet\entities\wallet-balance-history.entity.ts
FNF:0
FNH:0
DA:1,0
DA:11,0
DA:13,0
DA:16,0
DA:19,0
DA:22,0
DA:25,0
DA:28,0
DA:31,0
LF:9
LH:0
BRF:0
BRH:0
end_of_record
TN:
SF:src\wallet\guards\wallet-session.guard.ts
FN:12,(anonymous_2)
FN:14,(anonymous_3)
FN:27,(anonymous_4)
FNF:3
FNH:0
FNDA:0,(anonymous_2)
FNDA:0,(anonymous_3)
FNDA:0,(anonymous_4)
DA:1,0
DA:4,0
DA:11,0
DA:12,0
DA:15,0
DA:16,0
DA:18,0
DA:19,0
DA:22,0
DA:23,0
DA:24,0
DA:28,0
DA:29,0
DA:30,0
DA:33,0
DA:34,0
DA:35,0
DA:36,0
DA:37,0
DA:41,0
LF:20
LH:0
BRDA:18,0,0,0
BRDA:29,1,0,0
BRDA:29,2,0,0
BRDA:29,2,1,0
BRDA:34,3,0,0
BRDA:36,4,0,0
BRDA:36,5,0,0
BRDA:36,5,1,0
BRF:8
BRH:0
end_of_record
TN:
SF:src\wallet\utils\stellar.ts
FN:21,isValidStellarPublicKey
FN:30,decodeStellarPublicKey
FN:55,verifyEd25519Signature
FN:68,parseAmountToInt
FN:93,normalizeAsset
FN:119,getAssetKey
FN:126,getDefaultTokenMetadata
FN:145,decodeSignature
FN:154,base32Decode
FN:178,crc16Xmodem
FNF:10
FNH:8
FNDA:12,isValidStellarPublicKey
FNDA:18,decodeStellarPublicKey
FNDA:6,verifyEd25519Signature
FNDA:7,parseAmountToInt
FNDA:3,normalizeAsset
FNDA:0,getAssetKey
FNDA:0,getDefaultTokenMetadata
FNDA:6,decodeSignature
FNDA:18,base32Decode
FNDA:17,crc16Xmodem
DA:1,2
DA:3,2
DA:4,2
DA:5,2
DA:21,2
DA:22,12
DA:23,12
DA:24,11
DA:26,1
DA:30,2
DA:31,18
DA:32,18
DA:33,1
DA:36,17
DA:37,17
DA:38,17
DA:39,17
DA:44,17
DA:45,0
DA:48,17
DA:49,0
DA:52,17
DA:55,2
DA:60,6
DA:61,6
DA:62,6
DA:63,6
DA:65,6
DA:68,2
DA:69,7
DA:70,0
DA:73,7
DA:74,7
DA:75,0
DA:78,7
DA:79,7
DA:80,7
DA:82,7
DA:83,1
DA:86,6
DA:87,6
DA:88,6
DA:90,6
DA:93,2
DA:94,3
DA:95,3
DA:96,0
DA:99,3
DA:100,3
DA:103,0
DA:104,0
DA:107,0
DA:108,0
DA:111,0
DA:112,0
DA:115,0
DA:116,0
DA:119,2
DA:120,0
DA:121,0
DA:123,0
DA:126,2
DA:127,0
DA:128,0
DA:136,0
DA:146,6
DA:147,6
DA:148,0
DA:151,6
DA:155,18
DA:156,18
DA:157,18
DA:158,18
DA:160,18
DA:161,956
DA:162,956
DA:163,0
DA:166,956
DA:167,956
DA:169,956
DA:170,597
DA:171,597
DA:175,18
DA:179,17
DA:181,17
DA:182,561
DA:183,561
DA:184,4488
DA:185,2285
DA:187,2203
DA:189,4488
DA:193,17
LF:92
LH:71
BRDA:32,0,0,1
BRDA:44,1,0,0
BRDA:44,2,0,17
BRDA:44,2,1,17
BRDA:48,3,0,0
BRDA:68,4,0,4
BRDA:69,5,0,0
BRDA:74,6,0,0
BRDA:74,7,0,7
BRDA:74,7,1,7
BRDA:79,8,0,7
BRDA:79,8,1,0
BRDA:80,9,0,7
BRDA:80,9,1,2
BRDA:82,10,0,1
BRDA:88,11,0,6
BRDA:88,11,1,0
BRDA:95,12,0,0
BRDA:99,13,0,3
BRDA:99,14,0,3
BRDA:99,14,1,0
BRDA:103,15,0,0
BRDA:107,16,0,0
BRDA:107,17,0,0
BRDA:107,17,1,0
BRDA:111,18,0,0
BRDA:115,19,0,0
BRDA:115,19,1,0
BRDA:120,20,0,0
BRDA:127,21,0,0
BRDA:147,22,0,0
BRDA:147,23,0,6
BRDA:147,23,1,2
BRDA:162,24,0,0
BRDA:169,25,0,597
BRDA:184,26,0,2285
BRDA:184,26,1,2203
BRF:37
BRH:18
end_of_record
